{"/Users/leemoore/Library/Mobile Documents/com~apple~CloudDocs/code/liminal-type-chat/server/src/app.ts": {"path":"/Users/leemoore/Library/Mobile Documents/com~apple~CloudDocs/code/liminal-type-chat/server/src/app.ts","statementMap":{"0":{"start":{"line":1,"column":0},"end":{"line":1,"column":30}},"1":{"start":{"line":2,"column":0},"end":{"line":2,"column":24}},"2":{"start":{"line":3,"column":0},"end":{"line":3,"column":28}},"3":{"start":{"line":4,"column":0},"end":{"line":4,"column":28}},"4":{"start":{"line":7,"column":0},"end":{"line":7,"column":60}},"5":{"start":{"line":8,"column":0},"end":{"line":8,"column":62}},"6":{"start":{"line":9,"column":0},"end":{"line":9,"column":63}},"7":{"start":{"line":10,"column":0},"end":{"line":10,"column":58}},"8":{"start":{"line":11,"column":0},"end":{"line":11,"column":64}},"9":{"start":{"line":12,"column":0},"end":{"line":12,"column":30}},"10":{"start":{"line":13,"column":0},"end":{"line":13,"column":91}},"11":{"start":{"line":16,"column":0},"end":{"line":16,"column":16}},"12":{"start":{"line":19,"column":12},"end":{"line":19,"column":21}},"13":{"start":{"line":22,"column":0},"end":{"line":22,"column":23}},"14":{"start":{"line":23,"column":0},"end":{"line":23,"column":16}},"15":{"start":{"line":24,"column":0},"end":{"line":24,"column":24}},"16":{"start":{"line":25,"column":0},"end":{"line":25,"column":48}},"17":{"start":{"line":28,"column":19},"end":{"line":28,"column":53}},"18":{"start":{"line":31,"column":0},"end":{"line":38,"column":5}},"19":{"start":{"line":32,"column":2},"end":{"line":37,"column":3}},"20":{"start":{"line":33,"column":4},"end":{"line":33,"column":34}},"21":{"start":{"line":34,"column":4},"end":{"line":34,"column":61}},"22":{"start":{"line":36,"column":4},"end":{"line":36,"column":59}},"23":{"start":{"line":41,"column":22},"end":{"line":41,"column":51}},"24":{"start":{"line":44,"column":28},"end":{"line":44,"column":68}},"25":{"start":{"line":47,"column":0},"end":{"line":47,"column":43}},"26":{"start":{"line":50,"column":0},"end":{"line":50,"column":53}},"27":{"start":{"line":57,"column":0},"end":{"line":164,"column":3}},"28":{"start":{"line":58,"column":2},"end":{"line":163,"column":5}},"29":{"start":{"line":172,"column":0},"end":{"line":172,"column":22}},"30":{"start":{"line":175,"column":0},"end":{"line":179,"column":3}},"31":{"start":{"line":176,"column":2},"end":{"line":176,"column":48}},"32":{"start":{"line":177,"column":2},"end":{"line":177,"column":27}},"33":{"start":{"line":178,"column":2},"end":{"line":178,"column":18}},"34":{"start":{"line":181,"column":0},"end":{"line":185,"column":3}},"35":{"start":{"line":182,"column":2},"end":{"line":182,"column":48}},"36":{"start":{"line":183,"column":2},"end":{"line":183,"column":27}},"37":{"start":{"line":184,"column":2},"end":{"line":184,"column":18}},"38":{"start":{"line":187,"column":0},"end":{"line":187,"column":19}}},"fnMap":{"0":{"name":"(anonymous_1)","decl":{"start":{"line":31,"column":1},"end":{"line":31,"column":6}},"loc":{"start":{"line":31,"column":12},"end":{"line":38,"column":1}}},"1":{"name":"(anonymous_2)","decl":{"start":{"line":57,"column":13},"end":{"line":57,"column":14}},"loc":{"start":{"line":57,"column":27},"end":{"line":164,"column":1}}},"2":{"name":"(anonymous_3)","decl":{"start":{"line":175,"column":21},"end":{"line":175,"column":26}},"loc":{"start":{"line":175,"column":32},"end":{"line":179,"column":1}}},"3":{"name":"(anonymous_4)","decl":{"start":{"line":181,"column":22},"end":{"line":181,"column":27}},"loc":{"start":{"line":181,"column":33},"end":{"line":185,"column":1}}}},"branchMap":{},"s":{"0":0,"1":0,"2":0,"3":0,"4":0,"5":0,"6":0,"7":0,"8":0,"9":0,"10":0,"11":0,"12":0,"13":0,"14":0,"15":0,"16":0,"17":0,"18":0,"19":0,"20":0,"21":0,"22":0,"23":0,"24":0,"25":0,"26":0,"27":0,"28":0,"29":0,"30":0,"31":0,"32":0,"33":0,"34":0,"35":0,"36":0,"37":0,"38":0},"f":{"0":0,"1":0,"2":0,"3":0},"b":{}}
,"/Users/leemoore/Library/Mobile Documents/com~apple~CloudDocs/code/liminal-type-chat/server/src/server.ts": {"path":"/Users/leemoore/Library/Mobile Documents/com~apple~CloudDocs/code/liminal-type-chat/server/src/server.ts","statementMap":{"0":{"start":{"line":1,"column":0},"end":{"line":1,"column":24}},"1":{"start":{"line":2,"column":0},"end":{"line":2,"column":22}},"2":{"start":{"line":5,"column":26},"end":{"line":40,"column":1}},"3":{"start":{"line":6,"column":2},"end":{"line":39,"column":5}},"4":{"start":{"line":8,"column":20},"end":{"line":8,"column":34}},"5":{"start":{"line":9,"column":22},"end":{"line":9,"column":30}},"6":{"start":{"line":11,"column":20},"end":{"line":36,"column":5}},"7":{"start":{"line":12,"column":6},"end":{"line":14,"column":7}},"8":{"start":{"line":13,"column":8},"end":{"line":13,"column":70}},"9":{"start":{"line":16,"column":21},"end":{"line":16,"column":39}},"10":{"start":{"line":18,"column":6},"end":{"line":26,"column":9}},"11":{"start":{"line":19,"column":8},"end":{"line":25,"column":9}},"12":{"start":{"line":21,"column":10},"end":{"line":21,"column":24}},"13":{"start":{"line":22,"column":10},"end":{"line":22,"column":20}},"14":{"start":{"line":24,"column":10},"end":{"line":24,"column":22}},"15":{"start":{"line":28,"column":6},"end":{"line":33,"column":9}},"16":{"start":{"line":29,"column":26},"end":{"line":29,"column":37}},"17":{"start":{"line":30,"column":8},"end":{"line":32,"column":11}},"18":{"start":{"line":31,"column":10},"end":{"line":31,"column":29}},"19":{"start":{"line":35,"column":6},"end":{"line":35,"column":33}},"20":{"start":{"line":38,"column":4},"end":{"line":38,"column":14}},"21":{"start":{"line":43,"column":20},"end":{"line":57,"column":1}},"22":{"start":{"line":44,"column":2},"end":{"line":56,"column":3}},"23":{"start":{"line":46,"column":17},"end":{"line":46,"column":46}},"24":{"start":{"line":49,"column":4},"end":{"line":52,"column":7}},"25":{"start":{"line":50,"column":6},"end":{"line":50,"column":72}},"26":{"start":{"line":51,"column":6},"end":{"line":51,"column":46}},"27":{"start":{"line":54,"column":4},"end":{"line":54,"column":52}},"28":{"start":{"line":55,"column":4},"end":{"line":55,"column":20}},"29":{"start":{"line":60,"column":0},"end":{"line":60,"column":14}}},"fnMap":{"0":{"name":"(anonymous_1)","decl":{"start":{"line":5,"column":26},"end":{"line":5,"column":27}},"loc":{"start":{"line":5,"column":64},"end":{"line":40,"column":1}}},"1":{"name":"(anonymous_2)","decl":{"start":{"line":6,"column":21},"end":{"line":6,"column":22}},"loc":{"start":{"line":6,"column":41},"end":{"line":39,"column":3}}},"2":{"name":"(anonymous_3)","decl":{"start":{"line":11,"column":20},"end":{"line":11,"column":23}},"loc":{"start":{"line":11,"column":25},"end":{"line":36,"column":5}}},"3":{"name":"(anonymous_4)","decl":{"start":{"line":18,"column":27},"end":{"line":18,"column":28}},"loc":{"start":{"line":18,"column":40},"end":{"line":26,"column":7}}},"4":{"name":"(anonymous_5)","decl":{"start":{"line":28,"column":31},"end":{"line":28,"column":34}},"loc":{"start":{"line":28,"column":36},"end":{"line":33,"column":7}}},"5":{"name":"(anonymous_6)","decl":{"start":{"line":30,"column":21},"end":{"line":30,"column":24}},"loc":{"start":{"line":30,"column":26},"end":{"line":32,"column":9}}},"6":{"name":"(anonymous_7)","decl":{"start":{"line":43,"column":20},"end":{"line":43,"column":25}},"loc":{"start":{"line":43,"column":31},"end":{"line":57,"column":1}}},"7":{"name":"(anonymous_8)","decl":{"start":{"line":49,"column":21},"end":{"line":49,"column":24}},"loc":{"start":{"line":49,"column":26},"end":{"line":52,"column":5}}}},"branchMap":{"0":{"loc":{"start":{"line":12,"column":6},"end":{"line":14,"column":7}},"type":"if","locations":[{"start":{"line":12,"column":6},"end":{"line":14,"column":7}}]},"1":{"loc":{"start":{"line":19,"column":8},"end":{"line":25,"column":9}},"type":"if","locations":[{"start":{"line":19,"column":8},"end":{"line":25,"column":9}},{"start":{"line":23,"column":15},"end":{"line":25,"column":9}}]}},"s":{"0":0,"1":0,"2":0,"3":0,"4":0,"5":0,"6":0,"7":0,"8":0,"9":0,"10":0,"11":0,"12":0,"13":0,"14":0,"15":0,"16":0,"17":0,"18":0,"19":0,"20":0,"21":0,"22":0,"23":0,"24":0,"25":0,"26":0,"27":0,"28":0,"29":0},"f":{"0":0,"1":0,"2":0,"3":0,"4":0,"5":0,"6":0,"7":0},"b":{"0":[0],"1":[0,0]}}
,"/Users/leemoore/Library/Mobile Documents/com~apple~CloudDocs/code/liminal-type-chat/server/src/clients/domain/direct-health-service-client.ts": {"path":"/Users/leemoore/Library/Mobile Documents/com~apple~CloudDocs/code/liminal-type-chat/server/src/clients/domain/direct-health-service-client.ts","statementMap":{"0":{"start":{"line":20,"column":4},"end":{"line":20,"column":39}},"1":{"start":{"line":28,"column":4},"end":{"line":28,"column":48}},"2":{"start":{"line":36,"column":4},"end":{"line":36,"column":50}},"3":{"start":{"line":12,"column":0},"end":{"line":12,"column":13}}},"fnMap":{"0":{"name":"(anonymous_0)","decl":{"start":{"line":19,"column":2},"end":{"line":19,"column":14}},"loc":{"start":{"line":19,"column":42},"end":{"line":21,"column":3}}},"1":{"name":"(anonymous_1)","decl":{"start":{"line":27,"column":2},"end":{"line":27,"column":7}},"loc":{"start":{"line":27,"column":23},"end":{"line":29,"column":3}}},"2":{"name":"(anonymous_2)","decl":{"start":{"line":35,"column":2},"end":{"line":35,"column":7}},"loc":{"start":{"line":35,"column":25},"end":{"line":37,"column":3}}}},"branchMap":{},"s":{"0":5,"1":2,"2":2,"3":2},"f":{"0":5,"1":2,"2":2},"b":{}}
,"/Users/leemoore/Library/Mobile Documents/com~apple~CloudDocs/code/liminal-type-chat/server/src/clients/domain/health-service-client-factory.ts": {"path":"/Users/leemoore/Library/Mobile Documents/com~apple~CloudDocs/code/liminal-type-chat/server/src/clients/domain/health-service-client-factory.ts","statementMap":{"0":{"start":{"line":16,"column":0},"end":{"line":16,"column":16}},"1":{"start":{"line":5,"column":0},"end":{"line":5,"column":34}},"2":{"start":{"line":8,"column":0},"end":{"line":8,"column":75}},"3":{"start":{"line":9,"column":0},"end":{"line":9,"column":71}},"4":{"start":{"line":18,"column":2},"end":{"line":23,"column":3}},"5":{"start":{"line":19,"column":4},"end":{"line":21,"column":5}},"6":{"start":{"line":20,"column":6},"end":{"line":20,"column":77}},"7":{"start":{"line":22,"column":4},"end":{"line":22,"column":56}},"8":{"start":{"line":26,"column":2},"end":{"line":26,"column":56}}},"fnMap":{"0":{"name":"createHealthServiceClient","decl":{"start":{"line":16,"column":16},"end":{"line":16,"column":41}},"loc":{"start":{"line":16,"column":71},"end":{"line":27,"column":1}}}},"branchMap":{"0":{"loc":{"start":{"line":18,"column":2},"end":{"line":23,"column":3}},"type":"if","locations":[{"start":{"line":18,"column":2},"end":{"line":23,"column":3}}]},"1":{"loc":{"start":{"line":19,"column":4},"end":{"line":21,"column":5}},"type":"if","locations":[{"start":{"line":19,"column":4},"end":{"line":21,"column":5}}]}},"s":{"0":1,"1":1,"2":1,"3":1,"4":4,"5":2,"6":1,"7":1,"8":2},"f":{"0":4},"b":{"0":[2],"1":[1]}}
,"/Users/leemoore/Library/Mobile Documents/com~apple~CloudDocs/code/liminal-type-chat/server/src/clients/domain/http-health-service-client.ts": {"path":"/Users/leemoore/Library/Mobile Documents/com~apple~CloudDocs/code/liminal-type-chat/server/src/clients/domain/http-health-service-client.ts","statementMap":{"0":{"start":{"line":6,"column":0},"end":{"line":6,"column":45}},"1":{"start":{"line":9,"column":0},"end":{"line":9,"column":46}},"2":{"start":{"line":22,"column":4},"end":{"line":29,"column":7}},"3":{"start":{"line":32,"column":4},"end":{"line":58,"column":6}},"4":{"start":{"line":33,"column":18},"end":{"line":33,"column":26}},"5":{"start":{"line":35,"column":8},"end":{"line":56,"column":9}},"6":{"start":{"line":37,"column":10},"end":{"line":41,"column":12}},"7":{"start":{"line":42,"column":15},"end":{"line":56,"column":9}},"8":{"start":{"line":44,"column":10},"end":{"line":48,"column":12}},"9":{"start":{"line":51,"column":10},"end":{"line":55,"column":12}},"10":{"start":{"line":66,"column":4},"end":{"line":72,"column":5}},"11":{"start":{"line":67,"column":23},"end":{"line":67,"column":87}},"12":{"start":{"line":68,"column":6},"end":{"line":68,"column":27}},"13":{"start":{"line":71,"column":6},"end":{"line":71,"column":18}},"14":{"start":{"line":80,"column":4},"end":{"line":86,"column":5}},"15":{"start":{"line":81,"column":23},"end":{"line":81,"column":98}},"16":{"start":{"line":82,"column":6},"end":{"line":82,"column":27}},"17":{"start":{"line":85,"column":6},"end":{"line":85,"column":18}},"18":{"start":{"line":14,"column":0},"end":{"line":14,"column":13}}},"fnMap":{"0":{"name":"(anonymous_1)","decl":{"start":{"line":21,"column":2},"end":{"line":21,"column":14}},"loc":{"start":{"line":21,"column":29},"end":{"line":59,"column":3}}},"1":{"name":"(anonymous_2)","decl":{"start":{"line":33,"column":6},"end":{"line":33,"column":14}},"loc":{"start":{"line":33,"column":18},"end":{"line":33,"column":26}}},"2":{"name":"(anonymous_3)","decl":{"start":{"line":34,"column":6},"end":{"line":34,"column":11}},"loc":{"start":{"line":34,"column":14},"end":{"line":57,"column":7}}},"3":{"name":"(anonymous_4)","decl":{"start":{"line":65,"column":2},"end":{"line":65,"column":7}},"loc":{"start":{"line":65,"column":23},"end":{"line":73,"column":3}}},"4":{"name":"(anonymous_5)","decl":{"start":{"line":79,"column":2},"end":{"line":79,"column":7}},"loc":{"start":{"line":79,"column":25},"end":{"line":87,"column":3}}}},"branchMap":{"0":{"loc":{"start":{"line":35,"column":8},"end":{"line":56,"column":9}},"type":"if","locations":[{"start":{"line":35,"column":8},"end":{"line":56,"column":9}},{"start":{"line":42,"column":15},"end":{"line":56,"column":9}}]},"1":{"loc":{"start":{"line":39,"column":12},"end":{"line":39,"column":55}},"type":"binary-expr","locations":[{"start":{"line":39,"column":12},"end":{"line":39,"column":40}},{"start":{"line":39,"column":44},"end":{"line":39,"column":55}}]},"2":{"loc":{"start":{"line":40,"column":12},"end":{"line":40,"column":127}},"type":"binary-expr","locations":[{"start":{"line":40,"column":12},"end":{"line":40,"column":40}},{"start":{"line":40,"column":44},"end":{"line":40,"column":127}}]},"3":{"loc":{"start":{"line":40,"column":87},"end":{"line":40,"column":125}},"type":"binary-expr","locations":[{"start":{"line":40,"column":87},"end":{"line":40,"column":112}},{"start":{"line":40,"column":116},"end":{"line":40,"column":125}}]},"4":{"loc":{"start":{"line":42,"column":15},"end":{"line":56,"column":9}},"type":"if","locations":[{"start":{"line":42,"column":15},"end":{"line":56,"column":9}},{"start":{"line":49,"column":15},"end":{"line":56,"column":9}}]},"5":{"loc":{"start":{"line":53,"column":12},"end":{"line":53,"column":50}},"type":"binary-expr","locations":[{"start":{"line":53,"column":12},"end":{"line":53,"column":25}},{"start":{"line":53,"column":29},"end":{"line":53,"column":50}}]}},"s":{"0":2,"1":2,"2":10,"3":10,"4":0,"5":2,"6":2,"7":0,"8":0,"9":0,"10":2,"11":2,"12":2,"13":2,"14":2,"15":2,"16":2,"17":2,"18":2},"f":{"0":10,"1":0,"2":2,"3":2,"4":2},"b":{"0":[2,0],"1":[2,0],"2":[2,0],"3":[0,0],"4":[0,0],"5":[0,0]}}
,"/Users/leemoore/Library/Mobile Documents/com~apple~CloudDocs/code/liminal-type-chat/server/src/config/index.ts": {"path":"/Users/leemoore/Library/Mobile Documents/com~apple~CloudDocs/code/liminal-type-chat/server/src/config/index.ts","statementMap":{"0":{"start":{"line":5,"column":0},"end":{"line":5,"column":28}},"1":{"start":{"line":6,"column":0},"end":{"line":6,"column":24}},"2":{"start":{"line":9,"column":0},"end":{"line":9,"column":16}},"3":{"start":{"line":14,"column":15},"end":{"line":48,"column":2}},"4":{"start":{"line":29,"column":18},"end":{"line":29,"column":31}},"5":{"start":{"line":30,"column":28},"end":{"line":30,"column":79}},"6":{"start":{"line":32,"column":6},"end":{"line":36,"column":7}},"7":{"start":{"line":33,"column":8},"end":{"line":33,"column":55}},"8":{"start":{"line":35,"column":8},"end":{"line":35,"column":65}},"9":{"start":{"line":50,"column":0},"end":{"line":50,"column":22}}},"fnMap":{"0":{"name":"(anonymous_1)","decl":{"start":{"line":27,"column":34},"end":{"line":27,"column":37}},"loc":{"start":{"line":27,"column":39},"end":{"line":37,"column":5}}}},"branchMap":{"0":{"loc":{"start":{"line":16,"column":8},"end":{"line":16,"column":64}},"type":"cond-expr","locations":[{"start":{"line":16,"column":27},"end":{"line":16,"column":57}},{"start":{"line":16,"column":60},"end":{"line":16,"column":64}}]},"1":{"loc":{"start":{"line":19,"column":11},"end":{"line":19,"column":48}},"type":"binary-expr","locations":[{"start":{"line":19,"column":11},"end":{"line":19,"column":31}},{"start":{"line":19,"column":35},"end":{"line":19,"column":48}}]},"2":{"loc":{"start":{"line":27,"column":10},"end":{"line":37,"column":8}},"type":"binary-expr","locations":[{"start":{"line":27,"column":10},"end":{"line":27,"column":29}},{"start":{"line":27,"column":33},"end":{"line":37,"column":8}}]},"3":{"loc":{"start":{"line":30,"column":28},"end":{"line":30,"column":79}},"type":"binary-expr","locations":[{"start":{"line":30,"column":28},"end":{"line":30,"column":51}},{"start":{"line":30,"column":55},"end":{"line":30,"column":79}}]},"4":{"loc":{"start":{"line":32,"column":6},"end":{"line":36,"column":7}},"type":"if","locations":[{"start":{"line":32,"column":6},"end":{"line":36,"column":7}},{"start":{"line":34,"column":13},"end":{"line":36,"column":7}}]},"5":{"loc":{"start":{"line":44,"column":14},"end":{"line":44,"column":65}},"type":"binary-expr","locations":[{"start":{"line":44,"column":14},"end":{"line":44,"column":38}},{"start":{"line":44,"column":42},"end":{"line":44,"column":65}}]},"6":{"loc":{"start":{"line":47,"column":12},"end":{"line":47,"column":44}},"type":"binary-expr","locations":[{"start":{"line":47,"column":12},"end":{"line":47,"column":33}},{"start":{"line":47,"column":37},"end":{"line":47,"column":44}}]}},"s":{"0":0,"1":0,"2":0,"3":0,"4":0,"5":0,"6":0,"7":0,"8":0,"9":0},"f":{"0":0},"b":{"0":[0,0],"1":[0,0],"2":[0,0],"3":[0,0],"4":[0,0],"5":[0,0],"6":[0,0]}}
,"/Users/leemoore/Library/Mobile Documents/com~apple~CloudDocs/code/liminal-type-chat/server/src/middleware/error-handler.ts": {"path":"/Users/leemoore/Library/Mobile Documents/com~apple~CloudDocs/code/liminal-type-chat/server/src/middleware/error-handler.ts","statementMap":{"0":{"start":{"line":15,"column":0},"end":{"line":15,"column":16}},"1":{"start":{"line":5,"column":0},"end":{"line":5,"column":43}},"2":{"start":{"line":6,"column":0},"end":{"line":6,"column":55}},"3":{"start":{"line":22,"column":2},"end":{"line":28,"column":3}},"4":{"start":{"line":23,"column":4},"end":{"line":23,"column":43}},"5":{"start":{"line":24,"column":4},"end":{"line":24,"column":29}},"6":{"start":{"line":27,"column":4},"end":{"line":27,"column":52}},"7":{"start":{"line":31,"column":2},"end":{"line":34,"column":3}},"8":{"start":{"line":33,"column":4},"end":{"line":33,"column":57}},"9":{"start":{"line":37,"column":23},"end":{"line":40,"column":null}},"10":{"start":{"line":43,"column":2},"end":{"line":43,"column":73}}},"fnMap":{"0":{"name":"errorHandler","decl":{"start":{"line":15,"column":16},"end":{"line":15,"column":28}},"loc":{"start":{"line":19,"column":21},"end":{"line":44,"column":1}}}},"branchMap":{"0":{"loc":{"start":{"line":22,"column":2},"end":{"line":28,"column":3}},"type":"if","locations":[{"start":{"line":22,"column":2},"end":{"line":28,"column":3}},{"start":{"line":25,"column":9},"end":{"line":28,"column":3}}]},"1":{"loc":{"start":{"line":31,"column":2},"end":{"line":34,"column":3}},"type":"if","locations":[{"start":{"line":31,"column":2},"end":{"line":34,"column":3}}]},"2":{"loc":{"start":{"line":40,"column":4},"end":{"line":40,"column":67}},"type":"cond-expr","locations":[{"start":{"line":40,"column":44},"end":{"line":40,"column":55}},{"start":{"line":40,"column":58},"end":{"line":40,"column":67}}]}},"s":{"0":1,"1":1,"2":1,"3":2,"4":2,"5":2,"6":0,"7":2,"8":2,"9":0,"10":0},"f":{"0":2},"b":{"0":[2,0],"1":[2],"2":[0,0]}}
,"/Users/leemoore/Library/Mobile Documents/com~apple~CloudDocs/code/liminal-type-chat/server/src/providers/db/sqlite-provider.ts": {"path":"/Users/leemoore/Library/Mobile Documents/com~apple~CloudDocs/code/liminal-type-chat/server/src/providers/db/sqlite-provider.ts","statementMap":{"0":{"start":{"line":1,"column":0},"end":{"line":1,"column":38}},"1":{"start":{"line":3,"column":0},"end":{"line":3,"column":51}},"2":{"start":{"line":9,"column":10},"end":{"line":9,"column":46}},"3":{"start":{"line":17,"column":4},"end":{"line":17,"column":25}},"4":{"start":{"line":24,"column":4},"end":{"line":37,"column":5}},"5":{"start":{"line":26,"column":6},"end":{"line":26,"column":42}},"6":{"start":{"line":29,"column":6},"end":{"line":29,"column":42}},"7":{"start":{"line":32,"column":6},"end":{"line":32,"column":26}},"8":{"start":{"line":34,"column":6},"end":{"line":34,"column":31}},"9":{"start":{"line":36,"column":6},"end":{"line":36,"column":87}},"10":{"start":{"line":47,"column":4},"end":{"line":65,"column":5}},"11":{"start":{"line":48,"column":6},"end":{"line":50,"column":7}},"12":{"start":{"line":49,"column":8},"end":{"line":49,"column":63}},"13":{"start":{"line":52,"column":24},"end":{"line":52,"column":44}},"14":{"start":{"line":55,"column":23},"end":{"line":55,"column":68}},"15":{"start":{"line":56,"column":6},"end":{"line":62,"column":7}},"16":{"start":{"line":57,"column":21},"end":{"line":57,"column":52}},"17":{"start":{"line":58,"column":8},"end":{"line":58,"column":37}},"18":{"start":{"line":60,"column":8},"end":{"line":60,"column":33}},"19":{"start":{"line":61,"column":8},"end":{"line":61,"column":35}},"20":{"start":{"line":64,"column":6},"end":{"line":64,"column":79}},"21":{"start":{"line":75,"column":4},"end":{"line":86,"column":5}},"22":{"start":{"line":76,"column":6},"end":{"line":78,"column":7}},"23":{"start":{"line":77,"column":8},"end":{"line":77,"column":63}},"24":{"start":{"line":80,"column":24},"end":{"line":80,"column":44}},"25":{"start":{"line":81,"column":6},"end":{"line":81,"column":31}},"26":{"start":{"line":83,"column":6},"end":{"line":83,"column":31}},"27":{"start":{"line":85,"column":6},"end":{"line":85,"column":83}},"28":{"start":{"line":95,"column":4},"end":{"line":120,"column":5}},"29":{"start":{"line":96,"column":6},"end":{"line":98,"column":7}},"30":{"start":{"line":97,"column":8},"end":{"line":97,"column":63}},"31":{"start":{"line":101,"column":39},"end":{"line":110,"column":8}},"32":{"start":{"line":103,"column":28},"end":{"line":103,"column":49}},"33":{"start":{"line":104,"column":10},"end":{"line":104,"column":57}},"34":{"start":{"line":107,"column":28},"end":{"line":107,"column":49}},"35":{"start":{"line":108,"column":10},"end":{"line":108,"column":43}},"36":{"start":{"line":113,"column":21},"end":{"line":115,"column":10}},"37":{"start":{"line":114,"column":8},"end":{"line":114,"column":31}},"38":{"start":{"line":117,"column":6},"end":{"line":117,"column":37}},"39":{"start":{"line":119,"column":6},"end":{"line":119,"column":75}},"40":{"start":{"line":128,"column":4},"end":{"line":137,"column":5}},"41":{"start":{"line":129,"column":6},"end":{"line":132,"column":7}},"42":{"start":{"line":130,"column":8},"end":{"line":130,"column":24}},"43":{"start":{"line":131,"column":8},"end":{"line":131,"column":23}},"44":{"start":{"line":134,"column":6},"end":{"line":134,"column":31}},"45":{"start":{"line":136,"column":6},"end":{"line":136,"column":90}},"46":{"start":{"line":145,"column":4},"end":{"line":160,"column":5}},"47":{"start":{"line":147,"column":6},"end":{"line":153,"column":7}},"48":{"start":{"line":148,"column":8},"end":{"line":152,"column":9}},"49":{"start":{"line":149,"column":10},"end":{"line":149,"column":46}},"50":{"start":{"line":151,"column":10},"end":{"line":151,"column":23}},"51":{"start":{"line":156,"column":21},"end":{"line":156,"column":94}},"52":{"start":{"line":157,"column":6},"end":{"line":157,"column":43}},"53":{"start":{"line":159,"column":6},"end":{"line":159,"column":19}},"54":{"start":{"line":169,"column":4},"end":{"line":177,"column":7}},"55":{"start":{"line":188,"column":4},"end":{"line":188,"column":54}},"56":{"start":{"line":189,"column":4},"end":{"line":189,"column":79}},"57":{"start":{"line":8,"column":0},"end":{"line":8,"column":13}}},"fnMap":{"0":{"name":"(anonymous_1)","decl":{"start":{"line":16,"column":2},"end":{"line":16,"column":14}},"loc":{"start":{"line":16,"column":28},"end":{"line":18,"column":3}}},"1":{"name":"(anonymous_2)","decl":{"start":{"line":23,"column":2},"end":{"line":23,"column":7}},"loc":{"start":{"line":23,"column":18},"end":{"line":38,"column":3}}},"2":{"name":"(anonymous_3)","decl":{"start":{"line":46,"column":2},"end":{"line":46,"column":7}},"loc":{"start":{"line":46,"column":48},"end":{"line":66,"column":3}}},"3":{"name":"(anonymous_4)","decl":{"start":{"line":74,"column":2},"end":{"line":74,"column":7}},"loc":{"start":{"line":74,"column":44},"end":{"line":87,"column":3}}},"4":{"name":"(anonymous_5)","decl":{"start":{"line":94,"column":2},"end":{"line":94,"column":7}},"loc":{"start":{"line":94,"column":49},"end":{"line":121,"column":3}}},"5":{"name":"(anonymous_6)","decl":{"start":{"line":102,"column":15},"end":{"line":102,"column":19}},"loc":{"start":{"line":102,"column":59},"end":{"line":105,"column":9}}},"6":{"name":"(anonymous_7)","decl":{"start":{"line":106,"column":14},"end":{"line":106,"column":15}},"loc":{"start":{"line":106,"column":56},"end":{"line":109,"column":9}}},"7":{"name":"(anonymous_8)","decl":{"start":{"line":113,"column":41},"end":{"line":113,"column":44}},"loc":{"start":{"line":113,"column":46},"end":{"line":115,"column":7}}},"8":{"name":"(anonymous_9)","decl":{"start":{"line":127,"column":2},"end":{"line":127,"column":7}},"loc":{"start":{"line":127,"column":13},"end":{"line":138,"column":3}}},"9":{"name":"(anonymous_10)","decl":{"start":{"line":144,"column":2},"end":{"line":144,"column":7}},"loc":{"start":{"line":144,"column":19},"end":{"line":161,"column":3}}},"10":{"name":"(anonymous_11)","decl":{"start":{"line":167,"column":10},"end":{"line":167,"column":22}},"loc":{"start":{"line":167,"column":22},"end":{"line":178,"column":3}}},"11":{"name":"(anonymous_12)","decl":{"start":{"line":187,"column":10},"end":{"line":187,"column":21}},"loc":{"start":{"line":187,"column":49},"end":{"line":190,"column":3}}}},"branchMap":{"0":{"loc":{"start":{"line":46,"column":30},"end":{"line":46,"column":48}},"type":"default-arg","locations":[{"start":{"line":46,"column":46},"end":{"line":46,"column":48}}]},"1":{"loc":{"start":{"line":48,"column":6},"end":{"line":50,"column":7}},"type":"if","locations":[{"start":{"line":48,"column":6},"end":{"line":50,"column":7}}]},"2":{"loc":{"start":{"line":56,"column":6},"end":{"line":62,"column":7}},"type":"if","locations":[{"start":{"line":56,"column":6},"end":{"line":62,"column":7}},{"start":{"line":59,"column":13},"end":{"line":62,"column":7}}]},"3":{"loc":{"start":{"line":74,"column":26},"end":{"line":74,"column":44}},"type":"default-arg","locations":[{"start":{"line":74,"column":42},"end":{"line":74,"column":44}}]},"4":{"loc":{"start":{"line":76,"column":6},"end":{"line":78,"column":7}},"type":"if","locations":[{"start":{"line":76,"column":6},"end":{"line":78,"column":7}}]},"5":{"loc":{"start":{"line":96,"column":6},"end":{"line":98,"column":7}},"type":"if","locations":[{"start":{"line":96,"column":6},"end":{"line":98,"column":7}}]},"6":{"loc":{"start":{"line":102,"column":32},"end":{"line":102,"column":50}},"type":"default-arg","locations":[{"start":{"line":102,"column":48},"end":{"line":102,"column":50}}]},"7":{"loc":{"start":{"line":104,"column":35},"end":{"line":104,"column":47}},"type":"binary-expr","locations":[{"start":{"line":104,"column":35},"end":{"line":104,"column":41}},{"start":{"line":104,"column":45},"end":{"line":104,"column":47}}]},"8":{"loc":{"start":{"line":106,"column":28},"end":{"line":106,"column":46}},"type":"default-arg","locations":[{"start":{"line":106,"column":44},"end":{"line":106,"column":46}}]},"9":{"loc":{"start":{"line":108,"column":28},"end":{"line":108,"column":40}},"type":"binary-expr","locations":[{"start":{"line":108,"column":28},"end":{"line":108,"column":34}},{"start":{"line":108,"column":38},"end":{"line":108,"column":40}}]},"10":{"loc":{"start":{"line":129,"column":6},"end":{"line":132,"column":7}},"type":"if","locations":[{"start":{"line":129,"column":6},"end":{"line":132,"column":7}}]},"11":{"loc":{"start":{"line":147,"column":6},"end":{"line":153,"column":7}},"type":"if","locations":[{"start":{"line":147,"column":6},"end":{"line":153,"column":7}}]},"12":{"loc":{"start":{"line":157,"column":13},"end":{"line":157,"column":42}},"type":"binary-expr","locations":[{"start":{"line":157,"column":13},"end":{"line":157,"column":21}},{"start":{"line":157,"column":25},"end":{"line":157,"column":42}}]}},"s":{"0":1,"1":1,"2":12,"3":12,"4":11,"5":11,"6":11,"7":11,"8":11,"9":0,"10":7,"11":7,"12":0,"13":7,"14":6,"15":6,"16":6,"17":6,"18":0,"19":0,"20":1,"21":3,"22":3,"23":0,"24":3,"25":2,"26":2,"27":1,"28":2,"29":2,"30":0,"31":2,"32":0,"33":0,"34":2,"35":2,"36":2,"37":2,"38":1,"39":1,"40":12,"41":12,"42":11,"43":11,"44":12,"45":0,"46":2,"47":2,"48":1,"49":1,"50":1,"51":1,"52":1,"53":0,"54":11,"55":3,"56":3,"57":1},"f":{"0":12,"1":11,"2":7,"3":3,"4":2,"5":0,"6":2,"7":2,"8":12,"9":2,"10":11,"11":3},"b":{"0":[2],"1":[0],"2":[6,0],"3":[1],"4":[0],"5":[0],"6":[0],"7":[0,0],"8":[0],"9":[2,0],"10":[11],"11":[1],"12":[1,1]}}
,"/Users/leemoore/Library/Mobile Documents/com~apple~CloudDocs/code/liminal-type-chat/server/src/routes/domain/health.ts": {"path":"/Users/leemoore/Library/Mobile Documents/com~apple~CloudDocs/code/liminal-type-chat/server/src/routes/domain/health.ts","statementMap":{"0":{"start":{"line":5,"column":0},"end":{"line":5,"column":33}},"1":{"start":{"line":13,"column":34},"end":{"line":45,"column":1}},"2":{"start":{"line":14,"column":17},"end":{"line":14,"column":25}},"3":{"start":{"line":21,"column":2},"end":{"line":28,"column":5}},"4":{"start":{"line":22,"column":4},"end":{"line":27,"column":5}},"5":{"start":{"line":23,"column":21},"end":{"line":23,"column":58}},"6":{"start":{"line":24,"column":6},"end":{"line":24,"column":23}},"7":{"start":{"line":26,"column":6},"end":{"line":26,"column":18}},"8":{"start":{"line":35,"column":2},"end":{"line":42,"column":5}},"9":{"start":{"line":36,"column":4},"end":{"line":41,"column":5}},"10":{"start":{"line":37,"column":21},"end":{"line":37,"column":60}},"11":{"start":{"line":38,"column":6},"end":{"line":38,"column":23}},"12":{"start":{"line":40,"column":6},"end":{"line":40,"column":18}},"13":{"start":{"line":44,"column":2},"end":{"line":44,"column":16}},"14":{"start":{"line":13,"column":13},"end":{"line":13,"column":34}}},"fnMap":{"0":{"name":"(anonymous_0)","decl":{"start":{"line":13,"column":34},"end":{"line":13,"column":35}},"loc":{"start":{"line":13,"column":67},"end":{"line":45,"column":1}}},"1":{"name":"(anonymous_1)","decl":{"start":{"line":21,"column":38},"end":{"line":21,"column":43}},"loc":{"start":{"line":21,"column":64},"end":{"line":28,"column":3}}},"2":{"name":"(anonymous_2)","decl":{"start":{"line":35,"column":41},"end":{"line":35,"column":46}},"loc":{"start":{"line":35,"column":67},"end":{"line":42,"column":3}}}},"branchMap":{},"s":{"0":3,"1":3,"2":7,"3":7,"4":4,"5":4,"6":2,"7":2,"8":7,"9":3,"10":3,"11":2,"12":1,"13":7,"14":3},"f":{"0":7,"1":4,"2":3},"b":{}}
,"/Users/leemoore/Library/Mobile Documents/com~apple~CloudDocs/code/liminal-type-chat/server/src/routes/edge/health.ts": {"path":"/Users/leemoore/Library/Mobile Documents/com~apple~CloudDocs/code/liminal-type-chat/server/src/routes/edge/health.ts","statementMap":{"0":{"start":{"line":6,"column":0},"end":{"line":6,"column":33}},"1":{"start":{"line":14,"column":38},"end":{"line":46,"column":1}},"2":{"start":{"line":15,"column":17},"end":{"line":15,"column":25}},"3":{"start":{"line":22,"column":2},"end":{"line":29,"column":5}},"4":{"start":{"line":23,"column":4},"end":{"line":28,"column":5}},"5":{"start":{"line":24,"column":21},"end":{"line":24,"column":64}},"6":{"start":{"line":25,"column":6},"end":{"line":25,"column":23}},"7":{"start":{"line":27,"column":6},"end":{"line":27,"column":18}},"8":{"start":{"line":36,"column":2},"end":{"line":43,"column":5}},"9":{"start":{"line":37,"column":4},"end":{"line":42,"column":5}},"10":{"start":{"line":38,"column":21},"end":{"line":38,"column":66}},"11":{"start":{"line":39,"column":6},"end":{"line":39,"column":23}},"12":{"start":{"line":41,"column":6},"end":{"line":41,"column":18}},"13":{"start":{"line":45,"column":2},"end":{"line":45,"column":16}},"14":{"start":{"line":14,"column":13},"end":{"line":14,"column":38}}},"fnMap":{"0":{"name":"(anonymous_0)","decl":{"start":{"line":14,"column":38},"end":{"line":14,"column":39}},"loc":{"start":{"line":14,"column":83},"end":{"line":46,"column":1}}},"1":{"name":"(anonymous_1)","decl":{"start":{"line":22,"column":36},"end":{"line":22,"column":41}},"loc":{"start":{"line":22,"column":62},"end":{"line":29,"column":3}}},"2":{"name":"(anonymous_2)","decl":{"start":{"line":36,"column":39},"end":{"line":36,"column":44}},"loc":{"start":{"line":36,"column":65},"end":{"line":43,"column":3}}}},"branchMap":{},"s":{"0":1,"1":1,"2":4,"3":4,"4":2,"5":2,"6":1,"7":1,"8":4,"9":2,"10":2,"11":1,"12":1,"13":4,"14":1},"f":{"0":4,"1":2,"2":2},"b":{}}
,"/Users/leemoore/Library/Mobile Documents/com~apple~CloudDocs/code/liminal-type-chat/server/src/services/core/health-service.ts": {"path":"/Users/leemoore/Library/Mobile Documents/com~apple~CloudDocs/code/liminal-type-chat/server/src/services/core/health-service.ts","statementMap":{"0":{"start":{"line":36,"column":4},"end":{"line":36,"column":33}},"1":{"start":{"line":44,"column":4},"end":{"line":47,"column":6}},"2":{"start":{"line":55,"column":22},"end":{"line":55,"column":46}},"3":{"start":{"line":58,"column":4},"end":{"line":67,"column":5}},"4":{"start":{"line":59,"column":6},"end":{"line":66,"column":8}},"5":{"start":{"line":69,"column":4},"end":{"line":107,"column":5}},"6":{"start":{"line":71,"column":26},"end":{"line":71,"column":61}},"7":{"start":{"line":74,"column":21},"end":{"line":74,"column":49}},"8":{"start":{"line":75,"column":43},"end":{"line":81,"column":8}},"9":{"start":{"line":84,"column":6},"end":{"line":94,"column":7}},"10":{"start":{"line":85,"column":8},"end":{"line":93,"column":9}},"11":{"start":{"line":86,"column":10},"end":{"line":89,"column":12}},"12":{"start":{"line":92,"column":10},"end":{"line":92,"column":71}},"13":{"start":{"line":96,"column":6},"end":{"line":96,"column":20}},"14":{"start":{"line":99,"column":6},"end":{"line":106,"column":8}},"15":{"start":{"line":28,"column":0},"end":{"line":28,"column":13}}},"fnMap":{"0":{"name":"(anonymous_0)","decl":{"start":{"line":35,"column":2},"end":{"line":35,"column":14}},"loc":{"start":{"line":35,"column":43},"end":{"line":37,"column":3}}},"1":{"name":"(anonymous_1)","decl":{"start":{"line":43,"column":2},"end":{"line":43,"column":7}},"loc":{"start":{"line":43,"column":23},"end":{"line":48,"column":3}}},"2":{"name":"(anonymous_2)","decl":{"start":{"line":54,"column":2},"end":{"line":54,"column":7}},"loc":{"start":{"line":54,"column":25},"end":{"line":108,"column":3}}}},"branchMap":{"0":{"loc":{"start":{"line":58,"column":4},"end":{"line":67,"column":5}},"type":"if","locations":[{"start":{"line":58,"column":4},"end":{"line":67,"column":5}}]},"1":{"loc":{"start":{"line":74,"column":21},"end":{"line":74,"column":49}},"type":"cond-expr","locations":[{"start":{"line":74,"column":35},"end":{"line":74,"column":39}},{"start":{"line":74,"column":42},"end":{"line":74,"column":49}}]},"2":{"loc":{"start":{"line":84,"column":6},"end":{"line":94,"column":7}},"type":"if","locations":[{"start":{"line":84,"column":6},"end":{"line":94,"column":7}}]},"3":{"loc":{"start":{"line":104,"column":17},"end":{"line":104,"column":58}},"type":"binary-expr","locations":[{"start":{"line":104,"column":17},"end":{"line":104,"column":30}},{"start":{"line":104,"column":34},"end":{"line":104,"column":58}}]}},"s":{"0":18,"1":5,"2":8,"3":8,"4":1,"5":7,"6":7,"7":5,"8":5,"9":5,"10":3,"11":3,"12":1,"13":5,"14":2,"15":3},"f":{"0":18,"1":5,"2":8},"b":{"0":[1],"1":[3,2],"2":[3],"3":[2,1]}}
,"/Users/leemoore/Library/Mobile Documents/com~apple~CloudDocs/code/liminal-type-chat/server/src/utils/error-codes.ts": {"path":"/Users/leemoore/Library/Mobile Documents/com~apple~CloudDocs/code/liminal-type-chat/server/src/utils/error-codes.ts","statementMap":{"0":{"start":{"line":18,"column":0},"end":{"line":18,"column":null}},"1":{"start":{"line":19,"column":2},"end":{"line":19,"column":null}},"2":{"start":{"line":20,"column":2},"end":{"line":20,"column":null}},"3":{"start":{"line":21,"column":2},"end":{"line":21,"column":null}},"4":{"start":{"line":22,"column":2},"end":{"line":22,"column":null}},"5":{"start":{"line":23,"column":2},"end":{"line":23,"column":null}},"6":{"start":{"line":24,"column":2},"end":{"line":24,"column":null}},"7":{"start":{"line":25,"column":2},"end":{"line":25,"column":null}},"8":{"start":{"line":26,"column":2},"end":{"line":26,"column":null}},"9":{"start":{"line":27,"column":2},"end":{"line":27,"column":null}},"10":{"start":{"line":28,"column":2},"end":{"line":28,"column":null}},"11":{"start":{"line":29,"column":2},"end":{"line":29,"column":null}},"12":{"start":{"line":44,"column":0},"end":{"line":44,"column":null}},"13":{"start":{"line":45,"column":2},"end":{"line":45,"column":null}},"14":{"start":{"line":46,"column":2},"end":{"line":46,"column":null}},"15":{"start":{"line":47,"column":2},"end":{"line":47,"column":null}},"16":{"start":{"line":48,"column":2},"end":{"line":48,"column":null}},"17":{"start":{"line":54,"column":0},"end":{"line":54,"column":null}},"18":{"start":{"line":55,"column":2},"end":{"line":55,"column":null}},"19":{"start":{"line":56,"column":2},"end":{"line":56,"column":null}},"20":{"start":{"line":57,"column":2},"end":{"line":57,"column":null}},"21":{"start":{"line":58,"column":2},"end":{"line":58,"column":null}},"22":{"start":{"line":59,"column":2},"end":{"line":59,"column":null}},"23":{"start":{"line":65,"column":0},"end":{"line":65,"column":null}},"24":{"start":{"line":66,"column":2},"end":{"line":66,"column":null}},"25":{"start":{"line":67,"column":2},"end":{"line":67,"column":null}},"26":{"start":{"line":68,"column":2},"end":{"line":68,"column":null}},"27":{"start":{"line":69,"column":2},"end":{"line":69,"column":null}},"28":{"start":{"line":70,"column":2},"end":{"line":70,"column":null}},"29":{"start":{"line":71,"column":2},"end":{"line":71,"column":null}},"30":{"start":{"line":72,"column":2},"end":{"line":72,"column":null}},"31":{"start":{"line":78,"column":0},"end":{"line":78,"column":null}},"32":{"start":{"line":79,"column":2},"end":{"line":79,"column":null}},"33":{"start":{"line":80,"column":2},"end":{"line":80,"column":null}},"34":{"start":{"line":81,"column":2},"end":{"line":81,"column":null}},"35":{"start":{"line":87,"column":0},"end":{"line":87,"column":null}},"36":{"start":{"line":88,"column":2},"end":{"line":88,"column":null}},"37":{"start":{"line":89,"column":2},"end":{"line":89,"column":null}},"38":{"start":{"line":90,"column":2},"end":{"line":90,"column":null}},"39":{"start":{"line":91,"column":2},"end":{"line":91,"column":null}},"40":{"start":{"line":97,"column":0},"end":{"line":97,"column":null}},"41":{"start":{"line":98,"column":2},"end":{"line":98,"column":null}},"42":{"start":{"line":99,"column":2},"end":{"line":99,"column":null}},"43":{"start":{"line":100,"column":2},"end":{"line":100,"column":null}},"44":{"start":{"line":101,"column":2},"end":{"line":101,"column":null}},"45":{"start":{"line":102,"column":2},"end":{"line":102,"column":null}},"46":{"start":{"line":108,"column":0},"end":{"line":108,"column":null}},"47":{"start":{"line":109,"column":2},"end":{"line":109,"column":null}},"48":{"start":{"line":110,"column":2},"end":{"line":110,"column":null}},"49":{"start":{"line":111,"column":2},"end":{"line":111,"column":null}},"50":{"start":{"line":118,"column":13},"end":{"line":287,"column":2}}},"fnMap":{"0":{"name":"(anonymous_0)","decl":{"start":{"line":18,"column":0},"end":{"line":18,"column":12}},"loc":{"start":{"line":18,"column":22},"end":{"line":30,"column":1}}},"1":{"name":"(anonymous_1)","decl":{"start":{"line":44,"column":0},"end":{"line":44,"column":12}},"loc":{"start":{"line":44,"column":27},"end":{"line":49,"column":1}}},"2":{"name":"(anonymous_2)","decl":{"start":{"line":54,"column":0},"end":{"line":54,"column":12}},"loc":{"start":{"line":54,"column":25},"end":{"line":60,"column":1}}},"3":{"name":"(anonymous_3)","decl":{"start":{"line":65,"column":0},"end":{"line":65,"column":12}},"loc":{"start":{"line":65,"column":31},"end":{"line":73,"column":1}}},"4":{"name":"(anonymous_4)","decl":{"start":{"line":78,"column":0},"end":{"line":78,"column":12}},"loc":{"start":{"line":78,"column":29},"end":{"line":82,"column":1}}},"5":{"name":"(anonymous_5)","decl":{"start":{"line":87,"column":0},"end":{"line":87,"column":12}},"loc":{"start":{"line":87,"column":31},"end":{"line":92,"column":1}}},"6":{"name":"(anonymous_6)","decl":{"start":{"line":97,"column":0},"end":{"line":97,"column":12}},"loc":{"start":{"line":97,"column":36},"end":{"line":103,"column":1}}},"7":{"name":"(anonymous_7)","decl":{"start":{"line":108,"column":0},"end":{"line":108,"column":12}},"loc":{"start":{"line":108,"column":29},"end":{"line":112,"column":1}}}},"branchMap":{"0":{"loc":{"start":{"line":18,"column":12},"end":{"line":18,"column":null}},"type":"binary-expr","locations":[{"start":{"line":18,"column":12},"end":{"line":18,"column":22}},{"start":{"line":18,"column":22},"end":{"line":18,"column":null}}]},"1":{"loc":{"start":{"line":44,"column":12},"end":{"line":44,"column":null}},"type":"binary-expr","locations":[{"start":{"line":44,"column":12},"end":{"line":44,"column":27}},{"start":{"line":44,"column":27},"end":{"line":44,"column":null}}]},"2":{"loc":{"start":{"line":54,"column":12},"end":{"line":54,"column":null}},"type":"binary-expr","locations":[{"start":{"line":54,"column":12},"end":{"line":54,"column":25}},{"start":{"line":54,"column":25},"end":{"line":54,"column":null}}]},"3":{"loc":{"start":{"line":65,"column":12},"end":{"line":65,"column":null}},"type":"binary-expr","locations":[{"start":{"line":65,"column":12},"end":{"line":65,"column":31}},{"start":{"line":65,"column":31},"end":{"line":65,"column":null}}]},"4":{"loc":{"start":{"line":78,"column":12},"end":{"line":78,"column":null}},"type":"binary-expr","locations":[{"start":{"line":78,"column":12},"end":{"line":78,"column":29}},{"start":{"line":78,"column":29},"end":{"line":78,"column":null}}]},"5":{"loc":{"start":{"line":87,"column":12},"end":{"line":87,"column":null}},"type":"binary-expr","locations":[{"start":{"line":87,"column":12},"end":{"line":87,"column":31}},{"start":{"line":87,"column":31},"end":{"line":87,"column":null}}]},"6":{"loc":{"start":{"line":97,"column":12},"end":{"line":97,"column":null}},"type":"binary-expr","locations":[{"start":{"line":97,"column":12},"end":{"line":97,"column":36}},{"start":{"line":97,"column":36},"end":{"line":97,"column":null}}]},"7":{"loc":{"start":{"line":108,"column":12},"end":{"line":108,"column":null}},"type":"binary-expr","locations":[{"start":{"line":108,"column":12},"end":{"line":108,"column":29}},{"start":{"line":108,"column":29},"end":{"line":108,"column":null}}]}},"s":{"0":4,"1":4,"2":4,"3":4,"4":4,"5":4,"6":4,"7":4,"8":4,"9":4,"10":4,"11":4,"12":4,"13":4,"14":4,"15":4,"16":4,"17":4,"18":4,"19":4,"20":4,"21":4,"22":4,"23":4,"24":4,"25":4,"26":4,"27":4,"28":4,"29":4,"30":4,"31":4,"32":4,"33":4,"34":4,"35":4,"36":4,"37":4,"38":4,"39":4,"40":4,"41":4,"42":4,"43":4,"44":4,"45":4,"46":4,"47":4,"48":4,"49":4,"50":4},"f":{"0":4,"1":4,"2":4,"3":4,"4":4,"5":4,"6":4,"7":4},"b":{"0":[4,4],"1":[4,4],"2":[4,4],"3":[4,4],"4":[4,4],"5":[4,4],"6":[4,4],"7":[4,4]}}
,"/Users/leemoore/Library/Mobile Documents/com~apple~CloudDocs/code/liminal-type-chat/server/src/utils/errors.ts": {"path":"/Users/leemoore/Library/Mobile Documents/com~apple~CloudDocs/code/liminal-type-chat/server/src/utils/errors.ts","statementMap":{"0":{"start":{"line":4,"column":0},"end":{"line":4,"column":null}},"1":{"start":{"line":53,"column":21},"end":{"line":53,"column":89}},"2":{"start":{"line":56,"column":4},"end":{"line":56,"column":39}},"3":{"start":{"line":58,"column":4},"end":{"line":58,"column":42}},"4":{"start":{"line":59,"column":4},"end":{"line":59,"column":30}},"5":{"start":{"line":60,"column":4},"end":{"line":60,"column":31}},"6":{"start":{"line":61,"column":4},"end":{"line":61,"column":38}},"7":{"start":{"line":62,"column":4},"end":{"line":62,"column":27}},"8":{"start":{"line":63,"column":4},"end":{"line":63,"column":23}},"9":{"start":{"line":66,"column":4},"end":{"line":66,"column":52}},"10":{"start":{"line":73,"column":42},"end":{"line":78,"column":6}},"11":{"start":{"line":81,"column":4},"end":{"line":83,"column":5}},"12":{"start":{"line":82,"column":6},"end":{"line":82,"column":44}},"13":{"start":{"line":86,"column":4},"end":{"line":88,"column":5}},"14":{"start":{"line":87,"column":6},"end":{"line":87,"column":48}},"15":{"start":{"line":91,"column":4},"end":{"line":93,"column":5}},"16":{"start":{"line":92,"column":6},"end":{"line":92,"column":40}},"17":{"start":{"line":95,"column":4},"end":{"line":95,"column":20}},"18":{"start":{"line":28,"column":0},"end":{"line":28,"column":13}},"19":{"start":{"line":111,"column":4},"end":{"line":115,"column":6}},"20":{"start":{"line":102,"column":0},"end":{"line":102,"column":13}},"21":{"start":{"line":130,"column":4},"end":{"line":130,"column":74}},"22":{"start":{"line":141,"column":4},"end":{"line":143,"column":5}},"23":{"start":{"line":142,"column":6},"end":{"line":142,"column":22}},"24":{"start":{"line":145,"column":17},"end":{"line":145,"column":69}},"25":{"start":{"line":147,"column":4},"end":{"line":152,"column":7}},"26":{"start":{"line":154,"column":4},"end":{"line":154,"column":16}},"27":{"start":{"line":122,"column":0},"end":{"line":122,"column":13}},"28":{"start":{"line":168,"column":4},"end":{"line":168,"column":56}},"29":{"start":{"line":161,"column":0},"end":{"line":161,"column":13}},"30":{"start":{"line":182,"column":4},"end":{"line":182,"column":53}},"31":{"start":{"line":175,"column":0},"end":{"line":175,"column":13}},"32":{"start":{"line":196,"column":4},"end":{"line":196,"column":65}},"33":{"start":{"line":189,"column":0},"end":{"line":189,"column":13}},"34":{"start":{"line":211,"column":4},"end":{"line":215,"column":6}},"35":{"start":{"line":203,"column":0},"end":{"line":203,"column":13}},"36":{"start":{"line":230,"column":4},"end":{"line":234,"column":6}},"37":{"start":{"line":222,"column":0},"end":{"line":222,"column":13}},"38":{"start":{"line":248,"column":4},"end":{"line":248,"column":71}},"39":{"start":{"line":241,"column":0},"end":{"line":241,"column":13}}},"fnMap":{"0":{"name":"(anonymous_0)","decl":{"start":{"line":51,"column":2},"end":{"line":51,"column":14}},"loc":{"start":{"line":51,"column":98},"end":{"line":67,"column":3}}},"1":{"name":"(anonymous_1)","decl":{"start":{"line":72,"column":2},"end":{"line":72,"column":8}},"loc":{"start":{"line":72,"column":8},"end":{"line":96,"column":3}}},"2":{"name":"(anonymous_2)","decl":{"start":{"line":110,"column":2},"end":{"line":110,"column":14}},"loc":{"start":{"line":110,"column":92},"end":{"line":116,"column":3}}},"3":{"name":"(anonymous_3)","decl":{"start":{"line":129,"column":2},"end":{"line":129,"column":14}},"loc":{"start":{"line":129,"column":79},"end":{"line":131,"column":3}}},"4":{"name":"(anonymous_4)","decl":{"start":{"line":140,"column":2},"end":{"line":140,"column":10}},"loc":{"start":{"line":140,"column":61},"end":{"line":155,"column":3}}},"5":{"name":"(anonymous_5)","decl":{"start":{"line":167,"column":2},"end":{"line":167,"column":14}},"loc":{"start":{"line":167,"column":48},"end":{"line":169,"column":3}}},"6":{"name":"(anonymous_6)","decl":{"start":{"line":181,"column":2},"end":{"line":181,"column":14}},"loc":{"start":{"line":181,"column":48},"end":{"line":183,"column":3}}},"7":{"name":"(anonymous_7)","decl":{"start":{"line":195,"column":2},"end":{"line":195,"column":14}},"loc":{"start":{"line":195,"column":48},"end":{"line":197,"column":3}}},"8":{"name":"(anonymous_8)","decl":{"start":{"line":210,"column":2},"end":{"line":210,"column":14}},"loc":{"start":{"line":210,"column":71},"end":{"line":216,"column":3}}},"9":{"name":"(anonymous_9)","decl":{"start":{"line":229,"column":2},"end":{"line":229,"column":14}},"loc":{"start":{"line":229,"column":70},"end":{"line":235,"column":3}}},"10":{"name":"(anonymous_10)","decl":{"start":{"line":247,"column":2},"end":{"line":247,"column":14}},"loc":{"start":{"line":247,"column":48},"end":{"line":249,"column":3}}}},"branchMap":{"0":{"loc":{"start":{"line":53,"column":21},"end":{"line":53,"column":89}},"type":"binary-expr","locations":[{"start":{"line":53,"column":21},"end":{"line":53,"column":43}},{"start":{"line":53,"column":47},"end":{"line":53,"column":89}}]},"1":{"loc":{"start":{"line":56,"column":10},"end":{"line":56,"column":37}},"type":"binary-expr","locations":[{"start":{"line":56,"column":10},"end":{"line":56,"column":17}},{"start":{"line":56,"column":21},"end":{"line":56,"column":37}}]},"2":{"loc":{"start":{"line":81,"column":4},"end":{"line":83,"column":5}},"type":"if","locations":[{"start":{"line":81,"column":4},"end":{"line":83,"column":5}}]},"3":{"loc":{"start":{"line":81,"column":8},"end":{"line":81,"column":61}},"type":"binary-expr","locations":[{"start":{"line":81,"column":8},"end":{"line":81,"column":45}},{"start":{"line":81,"column":49},"end":{"line":81,"column":61}}]},"4":{"loc":{"start":{"line":86,"column":4},"end":{"line":88,"column":5}},"type":"if","locations":[{"start":{"line":86,"column":4},"end":{"line":88,"column":5}}]},"5":{"loc":{"start":{"line":91,"column":4},"end":{"line":93,"column":5}},"type":"if","locations":[{"start":{"line":91,"column":4},"end":{"line":93,"column":5}}]},"6":{"loc":{"start":{"line":91,"column":8},"end":{"line":91,"column":43}},"type":"binary-expr","locations":[{"start":{"line":91,"column":8},"end":{"line":91,"column":18}},{"start":{"line":91,"column":22},"end":{"line":91,"column":43}}]},"7":{"loc":{"start":{"line":114,"column":6},"end":{"line":114,"column":109}},"type":"binary-expr","locations":[{"start":{"line":114,"column":6},"end":{"line":114,"column":13}},{"start":{"line":114,"column":18},"end":{"line":114,"column":108}}]},"8":{"loc":{"start":{"line":114,"column":18},"end":{"line":114,"column":108}},"type":"cond-expr","locations":[{"start":{"line":114,"column":47},"end":{"line":114,"column":96}},{"start":{"line":114,"column":99},"end":{"line":114,"column":108}}]},"9":{"loc":{"start":{"line":114,"column":18},"end":{"line":114,"column":44}},"type":"binary-expr","locations":[{"start":{"line":114,"column":18},"end":{"line":114,"column":30}},{"start":{"line":114,"column":34},"end":{"line":114,"column":44}}]},"10":{"loc":{"start":{"line":141,"column":4},"end":{"line":143,"column":5}},"type":"if","locations":[{"start":{"line":141,"column":4},"end":{"line":143,"column":5}}]},"11":{"loc":{"start":{"line":145,"column":17},"end":{"line":145,"column":69}},"type":"cond-expr","locations":[{"start":{"line":145,"column":29},"end":{"line":145,"column":57}},{"start":{"line":145,"column":60},"end":{"line":145,"column":69}}]},"12":{"loc":{"start":{"line":149,"column":12},"end":{"line":149,"column":29}},"type":"binary-expr","locations":[{"start":{"line":149,"column":12},"end":{"line":149,"column":16}},{"start":{"line":149,"column":20},"end":{"line":149,"column":29}}]},"13":{"loc":{"start":{"line":214,"column":6},"end":{"line":214,"column":68}},"type":"binary-expr","locations":[{"start":{"line":214,"column":6},"end":{"line":214,"column":13}},{"start":{"line":214,"column":18},"end":{"line":214,"column":67}}]},"14":{"loc":{"start":{"line":214,"column":18},"end":{"line":214,"column":67}},"type":"cond-expr","locations":[{"start":{"line":214,"column":34},"end":{"line":214,"column":55}},{"start":{"line":214,"column":58},"end":{"line":214,"column":67}}]},"15":{"loc":{"start":{"line":232,"column":6},"end":{"line":232,"column":86}},"type":"binary-expr","locations":[{"start":{"line":232,"column":6},"end":{"line":232,"column":13}},{"start":{"line":232,"column":18},"end":{"line":232,"column":85}}]},"16":{"loc":{"start":{"line":232,"column":18},"end":{"line":232,"column":85}},"type":"cond-expr","locations":[{"start":{"line":232,"column":32},"end":{"line":232,"column":73}},{"start":{"line":232,"column":76},"end":{"line":232,"column":85}}]}},"s":{"0":4,"1":7,"2":7,"3":7,"4":7,"5":7,"6":7,"7":7,"8":7,"9":7,"10":2,"11":2,"12":0,"13":2,"14":2,"15":2,"16":0,"17":2,"18":4,"19":0,"20":4,"21":0,"22":0,"23":0,"24":0,"25":0,"26":0,"27":4,"28":0,"29":4,"30":0,"31":4,"32":0,"33":4,"34":3,"35":4,"36":0,"37":4,"38":0,"39":4},"f":{"0":7,"1":2,"2":0,"3":0,"4":0,"5":0,"6":0,"7":0,"8":3,"9":0,"10":0},"b":{"0":[7,0],"1":[7,0],"2":[0],"3":[2,2],"4":[2],"5":[0],"6":[2,0],"7":[0,0],"8":[0,0],"9":[0,0],"10":[0],"11":[0,0],"12":[0,0],"13":[3,3],"14":[3,0],"15":[0,0],"16":[0,0]}}
}
