TN:
SF:src/app.ts
FN:31,(anonymous_1)
FN:57,(anonymous_2)
FN:175,(anonymous_3)
FN:181,(anonymous_4)
FNF:4
FNH:0
FNDA:0,(anonymous_1)
FNDA:0,(anonymous_2)
FNDA:0,(anonymous_3)
FNDA:0,(anonymous_4)
DA:1,0
DA:2,0
DA:3,0
DA:4,0
DA:7,0
DA:8,0
DA:9,0
DA:10,0
DA:11,0
DA:12,0
DA:13,0
DA:16,0
DA:19,0
DA:22,0
DA:23,0
DA:24,0
DA:25,0
DA:28,0
DA:31,0
DA:32,0
DA:33,0
DA:34,0
DA:36,0
DA:41,0
DA:44,0
DA:47,0
DA:50,0
DA:57,0
DA:58,0
DA:172,0
DA:175,0
DA:176,0
DA:177,0
DA:178,0
DA:181,0
DA:182,0
DA:183,0
DA:184,0
DA:187,0
LF:39
LH:0
BRF:0
BRH:0
end_of_record
TN:
SF:src/server.ts
FN:5,(anonymous_1)
FN:6,(anonymous_2)
FN:11,(anonymous_3)
FN:18,(anonymous_4)
FN:28,(anonymous_5)
FN:30,(anonymous_6)
FN:43,(anonymous_7)
FN:49,(anonymous_8)
FNF:8
FNH:0
FNDA:0,(anonymous_1)
FNDA:0,(anonymous_2)
FNDA:0,(anonymous_3)
FNDA:0,(anonymous_4)
FNDA:0,(anonymous_5)
FNDA:0,(anonymous_6)
FNDA:0,(anonymous_7)
FNDA:0,(anonymous_8)
DA:1,0
DA:2,0
DA:5,0
DA:6,0
DA:8,0
DA:9,0
DA:11,0
DA:12,0
DA:13,0
DA:16,0
DA:18,0
DA:19,0
DA:21,0
DA:22,0
DA:24,0
DA:28,0
DA:29,0
DA:30,0
DA:31,0
DA:35,0
DA:38,0
DA:43,0
DA:44,0
DA:46,0
DA:49,0
DA:50,0
DA:51,0
DA:54,0
DA:55,0
DA:60,0
LF:30
LH:0
BRDA:12,0,0,0
BRDA:19,1,0,0
BRDA:19,1,1,0
BRF:3
BRH:0
end_of_record
TN:
SF:src/clients/domain/direct-health-service-client.ts
FN:19,(anonymous_0)
FN:27,(anonymous_1)
FN:35,(anonymous_2)
FNF:3
FNH:3
FNDA:5,(anonymous_0)
FNDA:2,(anonymous_1)
FNDA:2,(anonymous_2)
DA:12,2
DA:20,5
DA:28,2
DA:36,2
LF:4
LH:4
BRF:0
BRH:0
end_of_record
TN:
SF:src/clients/domain/health-service-client-factory.ts
FN:16,createHealthServiceClient
FNF:1
FNH:1
FNDA:4,createHealthServiceClient
DA:5,1
DA:8,1
DA:9,1
DA:16,1
DA:18,4
DA:19,2
DA:20,1
DA:22,1
DA:26,2
LF:9
LH:9
BRDA:18,0,0,2
BRDA:19,1,0,1
BRF:2
BRH:2
end_of_record
TN:
SF:src/clients/domain/http-health-service-client.ts
FN:21,(anonymous_1)
FN:33,(anonymous_2)
FN:34,(anonymous_3)
FN:65,(anonymous_4)
FN:79,(anonymous_5)
FNF:5
FNH:4
FNDA:10,(anonymous_1)
FNDA:0,(anonymous_2)
FNDA:2,(anonymous_3)
FNDA:2,(anonymous_4)
FNDA:2,(anonymous_5)
DA:6,2
DA:9,2
DA:14,2
DA:22,10
DA:32,10
DA:33,0
DA:35,2
DA:37,2
DA:42,0
DA:44,0
DA:51,0
DA:66,2
DA:67,2
DA:68,2
DA:71,2
DA:80,2
DA:81,2
DA:82,2
DA:85,2
LF:19
LH:15
BRDA:35,0,0,2
BRDA:35,0,1,0
BRDA:39,1,0,2
BRDA:39,1,1,0
BRDA:40,2,0,2
BRDA:40,2,1,0
BRDA:40,3,0,0
BRDA:40,3,1,0
BRDA:42,4,0,0
BRDA:42,4,1,0
BRDA:53,5,0,0
BRDA:53,5,1,0
BRF:12
BRH:3
end_of_record
TN:
SF:src/config/index.ts
FN:27,(anonymous_1)
FNF:1
FNH:0
FNDA:0,(anonymous_1)
DA:5,0
DA:6,0
DA:9,0
DA:14,0
DA:29,0
DA:30,0
DA:32,0
DA:33,0
DA:35,0
DA:50,0
LF:10
LH:0
BRDA:16,0,0,0
BRDA:16,0,1,0
BRDA:19,1,0,0
BRDA:19,1,1,0
BRDA:27,2,0,0
BRDA:27,2,1,0
BRDA:30,3,0,0
BRDA:30,3,1,0
BRDA:32,4,0,0
BRDA:32,4,1,0
BRDA:44,5,0,0
BRDA:44,5,1,0
BRDA:47,6,0,0
BRDA:47,6,1,0
BRF:14
BRH:0
end_of_record
TN:
SF:src/middleware/error-handler.ts
FN:15,errorHandler
FNF:1
FNH:1
FNDA:2,errorHandler
DA:5,1
DA:6,1
DA:15,1
DA:22,2
DA:23,2
DA:24,2
DA:27,0
DA:31,2
DA:33,2
DA:37,0
DA:43,0
LF:11
LH:8
BRDA:22,0,0,2
BRDA:22,0,1,0
BRDA:31,1,0,2
BRDA:40,2,0,0
BRDA:40,2,1,0
BRF:5
BRH:2
end_of_record
TN:
SF:src/providers/db/sqlite-provider.ts
FN:16,(anonymous_1)
FN:23,(anonymous_2)
FN:46,(anonymous_3)
FN:74,(anonymous_4)
FN:94,(anonymous_5)
FN:102,(anonymous_6)
FN:106,(anonymous_7)
FN:113,(anonymous_8)
FN:127,(anonymous_9)
FN:144,(anonymous_10)
FN:167,(anonymous_11)
FN:187,(anonymous_12)
FNF:12
FNH:11
FNDA:12,(anonymous_1)
FNDA:11,(anonymous_2)
FNDA:7,(anonymous_3)
FNDA:3,(anonymous_4)
FNDA:2,(anonymous_5)
FNDA:0,(anonymous_6)
FNDA:2,(anonymous_7)
FNDA:2,(anonymous_8)
FNDA:12,(anonymous_9)
FNDA:2,(anonymous_10)
FNDA:11,(anonymous_11)
FNDA:3,(anonymous_12)
DA:1,1
DA:3,1
DA:8,1
DA:9,12
DA:17,12
DA:24,11
DA:26,11
DA:29,11
DA:32,11
DA:34,11
DA:36,0
DA:47,7
DA:48,7
DA:49,0
DA:52,7
DA:55,6
DA:56,6
DA:57,6
DA:58,6
DA:60,0
DA:61,0
DA:64,1
DA:75,3
DA:76,3
DA:77,0
DA:80,3
DA:81,2
DA:83,2
DA:85,1
DA:95,2
DA:96,2
DA:97,0
DA:101,2
DA:103,0
DA:104,0
DA:107,2
DA:108,2
DA:113,2
DA:114,2
DA:117,1
DA:119,1
DA:128,12
DA:129,12
DA:130,11
DA:131,11
DA:134,12
DA:136,0
DA:145,2
DA:147,2
DA:148,1
DA:149,1
DA:151,1
DA:156,1
DA:157,1
DA:159,0
DA:169,11
DA:188,3
DA:189,3
LF:58
LH:48
BRDA:46,0,0,2
BRDA:48,1,0,0
BRDA:56,2,0,6
BRDA:56,2,1,0
BRDA:74,3,0,1
BRDA:76,4,0,0
BRDA:96,5,0,0
BRDA:102,6,0,0
BRDA:104,7,0,0
BRDA:104,7,1,0
BRDA:106,8,0,0
BRDA:108,9,0,2
BRDA:108,9,1,0
BRDA:129,10,0,11
BRDA:147,11,0,1
BRDA:157,12,0,1
BRDA:157,12,1,1
BRF:17
BRH:8
end_of_record
TN:
SF:src/routes/domain/health.ts
FN:13,(anonymous_0)
FN:21,(anonymous_1)
FN:35,(anonymous_2)
FNF:3
FNH:3
FNDA:7,(anonymous_0)
FNDA:4,(anonymous_1)
FNDA:3,(anonymous_2)
DA:5,3
DA:13,3
DA:14,7
DA:21,7
DA:22,4
DA:23,4
DA:24,2
DA:26,2
DA:35,7
DA:36,3
DA:37,3
DA:38,2
DA:40,1
DA:44,7
LF:14
LH:14
BRF:0
BRH:0
end_of_record
TN:
SF:src/routes/edge/health.ts
FN:14,(anonymous_0)
FN:22,(anonymous_1)
FN:36,(anonymous_2)
FNF:3
FNH:3
FNDA:4,(anonymous_0)
FNDA:2,(anonymous_1)
FNDA:2,(anonymous_2)
DA:6,1
DA:14,1
DA:15,4
DA:22,4
DA:23,2
DA:24,2
DA:25,1
DA:27,1
DA:36,4
DA:37,2
DA:38,2
DA:39,1
DA:41,1
DA:45,4
LF:14
LH:14
BRF:0
BRH:0
end_of_record
TN:
SF:src/services/core/health-service.ts
FN:35,(anonymous_0)
FN:43,(anonymous_1)
FN:54,(anonymous_2)
FNF:3
FNH:3
FNDA:18,(anonymous_0)
FNDA:5,(anonymous_1)
FNDA:8,(anonymous_2)
DA:28,3
DA:36,18
DA:44,5
DA:55,8
DA:58,8
DA:59,1
DA:69,7
DA:71,7
DA:74,5
DA:75,5
DA:84,5
DA:85,3
DA:86,3
DA:92,1
DA:96,5
DA:99,2
LF:16
LH:16
BRDA:58,0,0,1
BRDA:74,1,0,3
BRDA:74,1,1,2
BRDA:84,2,0,3
BRDA:104,3,0,2
BRDA:104,3,1,1
BRF:6
BRH:6
end_of_record
TN:
SF:src/utils/error-codes.ts
FN:18,(anonymous_0)
FN:44,(anonymous_1)
FN:54,(anonymous_2)
FN:65,(anonymous_3)
FN:78,(anonymous_4)
FN:87,(anonymous_5)
FN:97,(anonymous_6)
FN:108,(anonymous_7)
FNF:8
FNH:8
FNDA:4,(anonymous_0)
FNDA:4,(anonymous_1)
FNDA:4,(anonymous_2)
FNDA:4,(anonymous_3)
FNDA:4,(anonymous_4)
FNDA:4,(anonymous_5)
FNDA:4,(anonymous_6)
FNDA:4,(anonymous_7)
DA:18,4
DA:19,4
DA:20,4
DA:21,4
DA:22,4
DA:23,4
DA:24,4
DA:25,4
DA:26,4
DA:27,4
DA:28,4
DA:29,4
DA:44,4
DA:45,4
DA:46,4
DA:47,4
DA:48,4
DA:54,4
DA:55,4
DA:56,4
DA:57,4
DA:58,4
DA:59,4
DA:65,4
DA:66,4
DA:67,4
DA:68,4
DA:69,4
DA:70,4
DA:71,4
DA:72,4
DA:78,4
DA:79,4
DA:80,4
DA:81,4
DA:87,4
DA:88,4
DA:89,4
DA:90,4
DA:91,4
DA:97,4
DA:98,4
DA:99,4
DA:100,4
DA:101,4
DA:102,4
DA:108,4
DA:109,4
DA:110,4
DA:111,4
DA:118,4
LF:51
LH:51
BRDA:18,0,0,4
BRDA:18,0,1,4
BRDA:44,1,0,4
BRDA:44,1,1,4
BRDA:54,2,0,4
BRDA:54,2,1,4
BRDA:65,3,0,4
BRDA:65,3,1,4
BRDA:78,4,0,4
BRDA:78,4,1,4
BRDA:87,5,0,4
BRDA:87,5,1,4
BRDA:97,6,0,4
BRDA:97,6,1,4
BRDA:108,7,0,4
BRDA:108,7,1,4
BRF:16
BRH:16
end_of_record
TN:
SF:src/utils/errors.ts
FN:51,(anonymous_0)
FN:72,(anonymous_1)
FN:110,(anonymous_2)
FN:129,(anonymous_3)
FN:140,(anonymous_4)
FN:167,(anonymous_5)
FN:181,(anonymous_6)
FN:195,(anonymous_7)
FN:210,(anonymous_8)
FN:229,(anonymous_9)
FN:247,(anonymous_10)
FNF:11
FNH:3
FNDA:7,(anonymous_0)
FNDA:2,(anonymous_1)
FNDA:0,(anonymous_2)
FNDA:0,(anonymous_3)
FNDA:0,(anonymous_4)
FNDA:0,(anonymous_5)
FNDA:0,(anonymous_6)
FNDA:0,(anonymous_7)
FNDA:3,(anonymous_8)
FNDA:0,(anonymous_9)
FNDA:0,(anonymous_10)
DA:4,4
DA:28,4
DA:53,7
DA:56,7
DA:58,7
DA:59,7
DA:60,7
DA:61,7
DA:62,7
DA:63,7
DA:66,7
DA:73,2
DA:81,2
DA:82,0
DA:86,2
DA:87,2
DA:91,2
DA:92,0
DA:95,2
DA:102,4
DA:111,0
DA:122,4
DA:130,0
DA:141,0
DA:142,0
DA:145,0
DA:147,0
DA:154,0
DA:161,4
DA:168,0
DA:175,4
DA:182,0
DA:189,4
DA:196,0
DA:203,4
DA:211,3
DA:222,4
DA:230,0
DA:241,4
DA:248,0
LF:40
LH:26
BRDA:53,0,0,7
BRDA:53,0,1,0
BRDA:56,1,0,7
BRDA:56,1,1,0
BRDA:81,2,0,0
BRDA:81,3,0,2
BRDA:81,3,1,2
BRDA:86,4,0,2
BRDA:91,5,0,0
BRDA:91,6,0,2
BRDA:91,6,1,0
BRDA:114,7,0,0
BRDA:114,7,1,0
BRDA:114,8,0,0
BRDA:114,8,1,0
BRDA:114,9,0,0
BRDA:114,9,1,0
BRDA:141,10,0,0
BRDA:145,11,0,0
BRDA:145,11,1,0
BRDA:149,12,0,0
BRDA:149,12,1,0
BRDA:214,13,0,3
BRDA:214,13,1,3
BRDA:214,14,0,3
BRDA:214,14,1,0
BRDA:232,15,0,0
BRDA:232,15,1,0
BRDA:232,16,0,0
BRDA:232,16,1,0
BRF:30
BRH:9
end_of_record
