TN:
SF:src/app.ts
FN:29,(anonymous_1)
FN:49,(anonymous_2)
FN:80,(anonymous_3)
FN:86,(anonymous_4)
FNF:4
FNH:0
FNDA:0,(anonymous_1)
FNDA:0,(anonymous_2)
FNDA:0,(anonymous_3)
FNDA:0,(anonymous_4)
DA:1,0
DA:2,0
DA:3,0
DA:4,0
DA:7,0
DA:8,0
DA:9,0
DA:10,0
DA:11,0
DA:14,0
DA:17,0
DA:20,0
DA:21,0
DA:22,0
DA:23,0
DA:26,0
DA:29,0
DA:30,0
DA:31,0
DA:32,0
DA:34,0
DA:39,0
DA:42,0
DA:49,0
DA:50,0
DA:77,0
DA:80,0
DA:81,0
DA:82,0
DA:83,0
DA:86,0
DA:87,0
DA:88,0
DA:89,0
DA:92,0
LF:35
LH:0
BRF:0
BRH:0
end_of_record
TN:
SF:src/server.ts
FN:7,(anonymous_1)
FNF:1
FNH:0
FNDA:0,(anonymous_1)
DA:1,0
DA:4,0
DA:7,0
DA:8,0
DA:9,0
LF:5
LH:0
BRDA:4,0,0,0
BRDA:4,0,1,0
BRF:2
BRH:0
end_of_record
TN:
SF:src/config/index.ts
FNF:0
FNH:0
DA:5,0
DA:6,0
DA:9,0
DA:14,0
DA:40,0
LF:5
LH:0
BRDA:16,0,0,0
BRDA:16,0,1,0
BRDA:19,1,0,0
BRDA:19,1,1,0
BRDA:27,2,0,0
BRDA:27,2,1,0
BRDA:34,3,0,0
BRDA:34,3,1,0
BRDA:37,4,0,0
BRDA:37,4,1,0
BRF:10
BRH:0
end_of_record
TN:
SF:src/middleware/error-handler.ts
FN:15,errorHandler
FNF:1
FNH:0
FNDA:0,errorHandler
DA:5,0
DA:6,0
DA:15,0
DA:22,0
DA:23,0
DA:24,0
DA:27,0
DA:31,0
DA:33,0
DA:37,0
DA:43,0
LF:11
LH:0
BRDA:22,0,0,0
BRDA:22,0,1,0
BRDA:31,1,0,0
BRDA:40,2,0,0
BRDA:40,2,1,0
BRF:5
BRH:0
end_of_record
TN:
SF:src/providers/db/sqlite-provider.ts
FN:16,(anonymous_1)
FN:23,(anonymous_2)
FN:46,(anonymous_3)
FN:74,(anonymous_4)
FN:94,(anonymous_5)
FN:102,(anonymous_6)
FN:106,(anonymous_7)
FN:113,(anonymous_8)
FN:127,(anonymous_9)
FN:144,(anonymous_10)
FN:167,(anonymous_11)
FN:187,(anonymous_12)
FNF:12
FNH:11
FNDA:12,(anonymous_1)
FNDA:11,(anonymous_2)
FNDA:7,(anonymous_3)
FNDA:3,(anonymous_4)
FNDA:2,(anonymous_5)
FNDA:0,(anonymous_6)
FNDA:2,(anonymous_7)
FNDA:2,(anonymous_8)
FNDA:12,(anonymous_9)
FNDA:2,(anonymous_10)
FNDA:11,(anonymous_11)
FNDA:3,(anonymous_12)
DA:1,1
DA:3,1
DA:8,1
DA:9,12
DA:17,12
DA:24,11
DA:26,11
DA:29,11
DA:32,11
DA:34,11
DA:36,0
DA:47,7
DA:48,7
DA:49,0
DA:52,7
DA:55,6
DA:56,6
DA:57,6
DA:58,6
DA:60,0
DA:61,0
DA:64,1
DA:75,3
DA:76,3
DA:77,0
DA:80,3
DA:81,2
DA:83,2
DA:85,1
DA:95,2
DA:96,2
DA:97,0
DA:101,2
DA:103,0
DA:104,0
DA:107,2
DA:108,2
DA:113,2
DA:114,2
DA:117,1
DA:119,1
DA:128,12
DA:129,12
DA:130,11
DA:131,11
DA:134,12
DA:136,0
DA:145,2
DA:147,2
DA:148,1
DA:149,1
DA:151,1
DA:156,1
DA:157,1
DA:159,0
DA:169,11
DA:188,3
DA:189,3
LF:58
LH:48
BRDA:46,0,0,2
BRDA:48,1,0,0
BRDA:56,2,0,6
BRDA:56,2,1,0
BRDA:74,3,0,1
BRDA:76,4,0,0
BRDA:96,5,0,0
BRDA:102,6,0,0
BRDA:104,7,0,0
BRDA:104,7,1,0
BRDA:106,8,0,0
BRDA:108,9,0,2
BRDA:108,9,1,0
BRDA:129,10,0,11
BRDA:147,11,0,1
BRDA:157,12,0,1
BRDA:157,12,1,1
BRF:17
BRH:8
end_of_record
TN:
SF:src/routes/domain/health.ts
FN:13,(anonymous_0)
FN:21,(anonymous_1)
FN:35,(anonymous_2)
FNF:3
FNH:3
FNDA:7,(anonymous_0)
FNDA:4,(anonymous_1)
FNDA:3,(anonymous_2)
DA:5,3
DA:13,3
DA:14,7
DA:21,7
DA:22,4
DA:23,4
DA:24,2
DA:26,2
DA:35,7
DA:36,3
DA:37,3
DA:38,2
DA:40,1
DA:44,7
LF:14
LH:14
BRF:0
BRH:0
end_of_record
TN:
SF:src/services/core/health-service.ts
FN:35,(anonymous_0)
FN:43,(anonymous_1)
FN:54,(anonymous_2)
FNF:3
FNH:3
FNDA:18,(anonymous_0)
FNDA:5,(anonymous_1)
FNDA:8,(anonymous_2)
DA:28,3
DA:36,18
DA:44,5
DA:55,8
DA:58,8
DA:59,1
DA:69,7
DA:71,7
DA:74,5
DA:75,5
DA:84,5
DA:85,3
DA:86,3
DA:92,1
DA:96,5
DA:99,2
LF:16
LH:16
BRDA:58,0,0,1
BRDA:74,1,0,3
BRDA:74,1,1,2
BRDA:84,2,0,3
BRDA:104,3,0,2
BRDA:104,3,1,1
BRF:6
BRH:6
end_of_record
TN:
SF:src/utils/error-codes.ts
FN:18,(anonymous_0)
FN:44,(anonymous_1)
FN:54,(anonymous_2)
FN:65,(anonymous_3)
FN:78,(anonymous_4)
FN:87,(anonymous_5)
FN:97,(anonymous_6)
FN:108,(anonymous_7)
FNF:8
FNH:8
FNDA:1,(anonymous_0)
FNDA:1,(anonymous_1)
FNDA:1,(anonymous_2)
FNDA:1,(anonymous_3)
FNDA:1,(anonymous_4)
FNDA:1,(anonymous_5)
FNDA:1,(anonymous_6)
FNDA:1,(anonymous_7)
DA:18,1
DA:19,1
DA:20,1
DA:21,1
DA:22,1
DA:23,1
DA:24,1
DA:25,1
DA:26,1
DA:27,1
DA:28,1
DA:29,1
DA:44,1
DA:45,1
DA:46,1
DA:47,1
DA:48,1
DA:54,1
DA:55,1
DA:56,1
DA:57,1
DA:58,1
DA:59,1
DA:65,1
DA:66,1
DA:67,1
DA:68,1
DA:69,1
DA:70,1
DA:71,1
DA:72,1
DA:78,1
DA:79,1
DA:80,1
DA:81,1
DA:87,1
DA:88,1
DA:89,1
DA:90,1
DA:91,1
DA:97,1
DA:98,1
DA:99,1
DA:100,1
DA:101,1
DA:102,1
DA:108,1
DA:109,1
DA:110,1
DA:111,1
DA:118,1
LF:51
LH:51
BRDA:18,0,0,1
BRDA:18,0,1,1
BRDA:44,1,0,1
BRDA:44,1,1,1
BRDA:54,2,0,1
BRDA:54,2,1,1
BRDA:65,3,0,1
BRDA:65,3,1,1
BRDA:78,4,0,1
BRDA:78,4,1,1
BRDA:87,5,0,1
BRDA:87,5,1,1
BRDA:97,6,0,1
BRDA:97,6,1,1
BRDA:108,7,0,1
BRDA:108,7,1,1
BRF:16
BRH:16
end_of_record
TN:
SF:src/utils/errors.ts
FN:51,(anonymous_0)
FN:72,(anonymous_1)
FN:110,(anonymous_2)
FN:129,(anonymous_3)
FN:140,(anonymous_4)
FN:167,(anonymous_5)
FN:181,(anonymous_6)
FN:195,(anonymous_7)
FN:210,(anonymous_8)
FN:229,(anonymous_9)
FN:247,(anonymous_10)
FNF:11
FNH:2
FNDA:3,(anonymous_0)
FNDA:0,(anonymous_1)
FNDA:0,(anonymous_2)
FNDA:0,(anonymous_3)
FNDA:0,(anonymous_4)
FNDA:0,(anonymous_5)
FNDA:0,(anonymous_6)
FNDA:0,(anonymous_7)
FNDA:3,(anonymous_8)
FNDA:0,(anonymous_9)
FNDA:0,(anonymous_10)
DA:4,1
DA:28,1
DA:53,3
DA:56,3
DA:58,3
DA:59,3
DA:60,3
DA:61,3
DA:62,3
DA:63,3
DA:66,3
DA:73,0
DA:81,0
DA:82,0
DA:86,0
DA:87,0
DA:91,0
DA:92,0
DA:95,0
DA:102,1
DA:111,0
DA:122,1
DA:130,0
DA:141,0
DA:142,0
DA:145,0
DA:147,0
DA:154,0
DA:161,1
DA:168,0
DA:175,1
DA:182,0
DA:189,1
DA:196,0
DA:203,1
DA:211,3
DA:222,1
DA:230,0
DA:241,1
DA:248,0
LF:40
LH:20
BRDA:53,0,0,3
BRDA:53,0,1,0
BRDA:56,1,0,3
BRDA:56,1,1,0
BRDA:81,2,0,0
BRDA:81,3,0,0
BRDA:81,3,1,0
BRDA:86,4,0,0
BRDA:91,5,0,0
BRDA:91,6,0,0
BRDA:91,6,1,0
BRDA:114,7,0,0
BRDA:114,7,1,0
BRDA:114,8,0,0
BRDA:114,8,1,0
BRDA:114,9,0,0
BRDA:114,9,1,0
BRDA:141,10,0,0
BRDA:145,11,0,0
BRDA:145,11,1,0
BRDA:149,12,0,0
BRDA:149,12,1,0
BRDA:214,13,0,3
BRDA:214,13,1,3
BRDA:214,14,0,3
BRDA:214,14,1,0
BRDA:232,15,0,0
BRDA:232,15,1,0
BRDA:232,16,0,0
BRDA:232,16,1,0
BRF:30
BRH:5
end_of_record
