{"/Users/leemoore/Library/Mobile Documents/com~apple~CloudDocs/code/liminal-type-chat/server/src/app.ts": {"path":"/Users/leemoore/Library/Mobile Documents/com~apple~CloudDocs/code/liminal-type-chat/server/src/app.ts","statementMap":{"0":{"start":{"line":1,"column":0},"end":{"line":1,"column":30}},"1":{"start":{"line":4,"column":0},"end":{"line":4,"column":24}},"2":{"start":{"line":5,"column":0},"end":{"line":5,"column":28}},"3":{"start":{"line":6,"column":0},"end":{"line":6,"column":28}},"4":{"start":{"line":9,"column":0},"end":{"line":9,"column":60}},"5":{"start":{"line":10,"column":0},"end":{"line":10,"column":63}},"6":{"start":{"line":11,"column":0},"end":{"line":11,"column":58}},"7":{"start":{"line":14,"column":0},"end":{"line":14,"column":16}},"8":{"start":{"line":17,"column":12},"end":{"line":17,"column":21}},"9":{"start":{"line":20,"column":0},"end":{"line":20,"column":23}},"10":{"start":{"line":21,"column":0},"end":{"line":21,"column":16}},"11":{"start":{"line":22,"column":0},"end":{"line":22,"column":24}},"12":{"start":{"line":23,"column":0},"end":{"line":23,"column":48}},"13":{"start":{"line":26,"column":22},"end":{"line":26,"column":41}},"14":{"start":{"line":29,"column":0},"end":{"line":29,"column":43}},"15":{"start":{"line":42,"column":0},"end":{"line":42,"column":22}},"16":{"start":{"line":44,"column":0},"end":{"line":44,"column":19}}},"fnMap":{},"branchMap":{},"s":{"0":0,"1":0,"2":0,"3":0,"4":0,"5":0,"6":0,"7":0,"8":0,"9":0,"10":0,"11":0,"12":0,"13":0,"14":0,"15":0,"16":0},"f":{},"b":{}}
,"/Users/leemoore/Library/Mobile Documents/com~apple~CloudDocs/code/liminal-type-chat/server/src/server.ts": {"path":"/Users/leemoore/Library/Mobile Documents/com~apple~CloudDocs/code/liminal-type-chat/server/src/server.ts","statementMap":{"0":{"start":{"line":1,"column":0},"end":{"line":1,"column":24}},"1":{"start":{"line":4,"column":13},"end":{"line":4,"column":37}},"2":{"start":{"line":7,"column":0},"end":{"line":10,"column":3}},"3":{"start":{"line":8,"column":2},"end":{"line":8,"column":68}},"4":{"start":{"line":9,"column":2},"end":{"line":9,"column":42}}},"fnMap":{"0":{"name":"(anonymous_1)","decl":{"start":{"line":7,"column":17},"end":{"line":7,"column":20}},"loc":{"start":{"line":7,"column":22},"end":{"line":10,"column":1}}}},"branchMap":{"0":{"loc":{"start":{"line":4,"column":13},"end":{"line":4,"column":37}},"type":"binary-expr","locations":[{"start":{"line":4,"column":13},"end":{"line":4,"column":29}},{"start":{"line":4,"column":33},"end":{"line":4,"column":37}}]}},"s":{"0":0,"1":0,"2":0,"3":0,"4":0},"f":{"0":0},"b":{"0":[0,0]}}
,"/Users/leemoore/Library/Mobile Documents/com~apple~CloudDocs/code/liminal-type-chat/server/src/config/index.ts": {"path":"/Users/leemoore/Library/Mobile Documents/com~apple~CloudDocs/code/liminal-type-chat/server/src/config/index.ts","statementMap":{"0":{"start":{"line":5,"column":0},"end":{"line":5,"column":28}},"1":{"start":{"line":6,"column":0},"end":{"line":6,"column":24}},"2":{"start":{"line":9,"column":0},"end":{"line":9,"column":16}},"3":{"start":{"line":14,"column":15},"end":{"line":38,"column":2}},"4":{"start":{"line":40,"column":0},"end":{"line":40,"column":22}}},"fnMap":{},"branchMap":{"0":{"loc":{"start":{"line":16,"column":8},"end":{"line":16,"column":64}},"type":"cond-expr","locations":[{"start":{"line":16,"column":27},"end":{"line":16,"column":57}},{"start":{"line":16,"column":60},"end":{"line":16,"column":64}}]},"1":{"loc":{"start":{"line":19,"column":11},"end":{"line":19,"column":48}},"type":"binary-expr","locations":[{"start":{"line":19,"column":11},"end":{"line":19,"column":31}},{"start":{"line":19,"column":35},"end":{"line":19,"column":48}}]},"2":{"loc":{"start":{"line":27,"column":10},"end":{"line":27,"column":92}},"type":"binary-expr","locations":[{"start":{"line":27,"column":10},"end":{"line":27,"column":29}},{"start":{"line":27,"column":33},"end":{"line":27,"column":92}}]},"3":{"loc":{"start":{"line":34,"column":14},"end":{"line":34,"column":65}},"type":"binary-expr","locations":[{"start":{"line":34,"column":14},"end":{"line":34,"column":38}},{"start":{"line":34,"column":42},"end":{"line":34,"column":65}}]},"4":{"loc":{"start":{"line":37,"column":12},"end":{"line":37,"column":44}},"type":"binary-expr","locations":[{"start":{"line":37,"column":12},"end":{"line":37,"column":33}},{"start":{"line":37,"column":37},"end":{"line":37,"column":44}}]}},"s":{"0":0,"1":0,"2":0,"3":0,"4":0},"f":{},"b":{"0":[0,0],"1":[0,0],"2":[0,0],"3":[0,0],"4":[0,0]}}
,"/Users/leemoore/Library/Mobile Documents/com~apple~CloudDocs/code/liminal-type-chat/server/src/middleware/error-handler.ts": {"path":"/Users/leemoore/Library/Mobile Documents/com~apple~CloudDocs/code/liminal-type-chat/server/src/middleware/error-handler.ts","statementMap":{"0":{"start":{"line":15,"column":0},"end":{"line":15,"column":16}},"1":{"start":{"line":5,"column":0},"end":{"line":5,"column":43}},"2":{"start":{"line":6,"column":0},"end":{"line":6,"column":55}},"3":{"start":{"line":22,"column":2},"end":{"line":28,"column":3}},"4":{"start":{"line":23,"column":4},"end":{"line":23,"column":43}},"5":{"start":{"line":24,"column":4},"end":{"line":24,"column":29}},"6":{"start":{"line":27,"column":4},"end":{"line":27,"column":52}},"7":{"start":{"line":31,"column":2},"end":{"line":34,"column":3}},"8":{"start":{"line":33,"column":4},"end":{"line":33,"column":57}},"9":{"start":{"line":37,"column":23},"end":{"line":40,"column":null}},"10":{"start":{"line":43,"column":2},"end":{"line":43,"column":73}}},"fnMap":{"0":{"name":"errorHandler","decl":{"start":{"line":15,"column":16},"end":{"line":15,"column":28}},"loc":{"start":{"line":19,"column":21},"end":{"line":44,"column":1}}}},"branchMap":{"0":{"loc":{"start":{"line":22,"column":2},"end":{"line":28,"column":3}},"type":"if","locations":[{"start":{"line":22,"column":2},"end":{"line":28,"column":3}},{"start":{"line":25,"column":9},"end":{"line":28,"column":3}}]},"1":{"loc":{"start":{"line":31,"column":2},"end":{"line":34,"column":3}},"type":"if","locations":[{"start":{"line":31,"column":2},"end":{"line":34,"column":3}}]},"2":{"loc":{"start":{"line":40,"column":4},"end":{"line":40,"column":67}},"type":"cond-expr","locations":[{"start":{"line":40,"column":44},"end":{"line":40,"column":55}},{"start":{"line":40,"column":58},"end":{"line":40,"column":67}}]}},"s":{"0":0,"1":0,"2":0,"3":0,"4":0,"5":0,"6":0,"7":0,"8":0,"9":0,"10":0},"f":{"0":0},"b":{"0":[0,0],"1":[0],"2":[0,0]}}
,"/Users/leemoore/Library/Mobile Documents/com~apple~CloudDocs/code/liminal-type-chat/server/src/routes/domain/health.ts": {"path":"/Users/leemoore/Library/Mobile Documents/com~apple~CloudDocs/code/liminal-type-chat/server/src/routes/domain/health.ts","statementMap":{"0":{"start":{"line":5,"column":0},"end":{"line":5,"column":33}},"1":{"start":{"line":13,"column":34},"end":{"line":31,"column":1}},"2":{"start":{"line":14,"column":17},"end":{"line":14,"column":25}},"3":{"start":{"line":21,"column":2},"end":{"line":28,"column":5}},"4":{"start":{"line":22,"column":4},"end":{"line":27,"column":5}},"5":{"start":{"line":23,"column":21},"end":{"line":23,"column":58}},"6":{"start":{"line":24,"column":6},"end":{"line":24,"column":23}},"7":{"start":{"line":26,"column":6},"end":{"line":26,"column":18}},"8":{"start":{"line":30,"column":2},"end":{"line":30,"column":16}},"9":{"start":{"line":13,"column":13},"end":{"line":13,"column":34}}},"fnMap":{"0":{"name":"(anonymous_0)","decl":{"start":{"line":13,"column":34},"end":{"line":13,"column":35}},"loc":{"start":{"line":13,"column":67},"end":{"line":31,"column":1}}},"1":{"name":"(anonymous_1)","decl":{"start":{"line":21,"column":38},"end":{"line":21,"column":43}},"loc":{"start":{"line":21,"column":64},"end":{"line":28,"column":3}}}},"branchMap":{},"s":{"0":2,"1":2,"2":4,"3":4,"4":4,"5":4,"6":2,"7":2,"8":4,"9":2},"f":{"0":4,"1":4},"b":{}}
,"/Users/leemoore/Library/Mobile Documents/com~apple~CloudDocs/code/liminal-type-chat/server/src/services/core/health-service.ts": {"path":"/Users/leemoore/Library/Mobile Documents/com~apple~CloudDocs/code/liminal-type-chat/server/src/services/core/health-service.ts","statementMap":{"0":{"start":{"line":23,"column":4},"end":{"line":26,"column":6}},"1":{"start":{"line":17,"column":0},"end":{"line":17,"column":13}}},"fnMap":{"0":{"name":"(anonymous_0)","decl":{"start":{"line":22,"column":2},"end":{"line":22,"column":7}},"loc":{"start":{"line":22,"column":23},"end":{"line":27,"column":3}}}},"branchMap":{},"s":{"0":4,"1":2},"f":{"0":4},"b":{}}
,"/Users/leemoore/Library/Mobile Documents/com~apple~CloudDocs/code/liminal-type-chat/server/src/utils/error-codes.ts": {"path":"/Users/leemoore/Library/Mobile Documents/com~apple~CloudDocs/code/liminal-type-chat/server/src/utils/error-codes.ts","statementMap":{"0":{"start":{"line":18,"column":0},"end":{"line":18,"column":null}},"1":{"start":{"line":19,"column":2},"end":{"line":19,"column":null}},"2":{"start":{"line":20,"column":2},"end":{"line":20,"column":null}},"3":{"start":{"line":21,"column":2},"end":{"line":21,"column":null}},"4":{"start":{"line":22,"column":2},"end":{"line":22,"column":null}},"5":{"start":{"line":23,"column":2},"end":{"line":23,"column":null}},"6":{"start":{"line":24,"column":2},"end":{"line":24,"column":null}},"7":{"start":{"line":25,"column":2},"end":{"line":25,"column":null}},"8":{"start":{"line":26,"column":2},"end":{"line":26,"column":null}},"9":{"start":{"line":27,"column":2},"end":{"line":27,"column":null}},"10":{"start":{"line":28,"column":2},"end":{"line":28,"column":null}},"11":{"start":{"line":29,"column":2},"end":{"line":29,"column":null}},"12":{"start":{"line":44,"column":0},"end":{"line":44,"column":null}},"13":{"start":{"line":45,"column":2},"end":{"line":45,"column":null}},"14":{"start":{"line":46,"column":2},"end":{"line":46,"column":null}},"15":{"start":{"line":47,"column":2},"end":{"line":47,"column":null}},"16":{"start":{"line":48,"column":2},"end":{"line":48,"column":null}},"17":{"start":{"line":54,"column":0},"end":{"line":54,"column":null}},"18":{"start":{"line":55,"column":2},"end":{"line":55,"column":null}},"19":{"start":{"line":56,"column":2},"end":{"line":56,"column":null}},"20":{"start":{"line":57,"column":2},"end":{"line":57,"column":null}},"21":{"start":{"line":58,"column":2},"end":{"line":58,"column":null}},"22":{"start":{"line":59,"column":2},"end":{"line":59,"column":null}},"23":{"start":{"line":65,"column":0},"end":{"line":65,"column":null}},"24":{"start":{"line":66,"column":2},"end":{"line":66,"column":null}},"25":{"start":{"line":67,"column":2},"end":{"line":67,"column":null}},"26":{"start":{"line":68,"column":2},"end":{"line":68,"column":null}},"27":{"start":{"line":69,"column":2},"end":{"line":69,"column":null}},"28":{"start":{"line":70,"column":2},"end":{"line":70,"column":null}},"29":{"start":{"line":71,"column":2},"end":{"line":71,"column":null}},"30":{"start":{"line":72,"column":2},"end":{"line":72,"column":null}},"31":{"start":{"line":78,"column":0},"end":{"line":78,"column":null}},"32":{"start":{"line":79,"column":2},"end":{"line":79,"column":null}},"33":{"start":{"line":80,"column":2},"end":{"line":80,"column":null}},"34":{"start":{"line":81,"column":2},"end":{"line":81,"column":null}},"35":{"start":{"line":87,"column":0},"end":{"line":87,"column":null}},"36":{"start":{"line":88,"column":2},"end":{"line":88,"column":null}},"37":{"start":{"line":89,"column":2},"end":{"line":89,"column":null}},"38":{"start":{"line":90,"column":2},"end":{"line":90,"column":null}},"39":{"start":{"line":91,"column":2},"end":{"line":91,"column":null}},"40":{"start":{"line":97,"column":0},"end":{"line":97,"column":null}},"41":{"start":{"line":98,"column":2},"end":{"line":98,"column":null}},"42":{"start":{"line":99,"column":2},"end":{"line":99,"column":null}},"43":{"start":{"line":100,"column":2},"end":{"line":100,"column":null}},"44":{"start":{"line":101,"column":2},"end":{"line":101,"column":null}},"45":{"start":{"line":102,"column":2},"end":{"line":102,"column":null}},"46":{"start":{"line":108,"column":0},"end":{"line":108,"column":null}},"47":{"start":{"line":109,"column":2},"end":{"line":109,"column":null}},"48":{"start":{"line":110,"column":2},"end":{"line":110,"column":null}},"49":{"start":{"line":111,"column":2},"end":{"line":111,"column":null}},"50":{"start":{"line":118,"column":13},"end":{"line":287,"column":2}}},"fnMap":{"0":{"name":"(anonymous_0)","decl":{"start":{"line":18,"column":0},"end":{"line":18,"column":12}},"loc":{"start":{"line":18,"column":22},"end":{"line":30,"column":1}}},"1":{"name":"(anonymous_1)","decl":{"start":{"line":44,"column":0},"end":{"line":44,"column":12}},"loc":{"start":{"line":44,"column":27},"end":{"line":49,"column":1}}},"2":{"name":"(anonymous_2)","decl":{"start":{"line":54,"column":0},"end":{"line":54,"column":12}},"loc":{"start":{"line":54,"column":25},"end":{"line":60,"column":1}}},"3":{"name":"(anonymous_3)","decl":{"start":{"line":65,"column":0},"end":{"line":65,"column":12}},"loc":{"start":{"line":65,"column":31},"end":{"line":73,"column":1}}},"4":{"name":"(anonymous_4)","decl":{"start":{"line":78,"column":0},"end":{"line":78,"column":12}},"loc":{"start":{"line":78,"column":29},"end":{"line":82,"column":1}}},"5":{"name":"(anonymous_5)","decl":{"start":{"line":87,"column":0},"end":{"line":87,"column":12}},"loc":{"start":{"line":87,"column":31},"end":{"line":92,"column":1}}},"6":{"name":"(anonymous_6)","decl":{"start":{"line":97,"column":0},"end":{"line":97,"column":12}},"loc":{"start":{"line":97,"column":36},"end":{"line":103,"column":1}}},"7":{"name":"(anonymous_7)","decl":{"start":{"line":108,"column":0},"end":{"line":108,"column":12}},"loc":{"start":{"line":108,"column":29},"end":{"line":112,"column":1}}}},"branchMap":{"0":{"loc":{"start":{"line":18,"column":12},"end":{"line":18,"column":null}},"type":"binary-expr","locations":[{"start":{"line":18,"column":12},"end":{"line":18,"column":22}},{"start":{"line":18,"column":22},"end":{"line":18,"column":null}}]},"1":{"loc":{"start":{"line":44,"column":12},"end":{"line":44,"column":null}},"type":"binary-expr","locations":[{"start":{"line":44,"column":12},"end":{"line":44,"column":27}},{"start":{"line":44,"column":27},"end":{"line":44,"column":null}}]},"2":{"loc":{"start":{"line":54,"column":12},"end":{"line":54,"column":null}},"type":"binary-expr","locations":[{"start":{"line":54,"column":12},"end":{"line":54,"column":25}},{"start":{"line":54,"column":25},"end":{"line":54,"column":null}}]},"3":{"loc":{"start":{"line":65,"column":12},"end":{"line":65,"column":null}},"type":"binary-expr","locations":[{"start":{"line":65,"column":12},"end":{"line":65,"column":31}},{"start":{"line":65,"column":31},"end":{"line":65,"column":null}}]},"4":{"loc":{"start":{"line":78,"column":12},"end":{"line":78,"column":null}},"type":"binary-expr","locations":[{"start":{"line":78,"column":12},"end":{"line":78,"column":29}},{"start":{"line":78,"column":29},"end":{"line":78,"column":null}}]},"5":{"loc":{"start":{"line":87,"column":12},"end":{"line":87,"column":null}},"type":"binary-expr","locations":[{"start":{"line":87,"column":12},"end":{"line":87,"column":31}},{"start":{"line":87,"column":31},"end":{"line":87,"column":null}}]},"6":{"loc":{"start":{"line":97,"column":12},"end":{"line":97,"column":null}},"type":"binary-expr","locations":[{"start":{"line":97,"column":12},"end":{"line":97,"column":36}},{"start":{"line":97,"column":36},"end":{"line":97,"column":null}}]},"7":{"loc":{"start":{"line":108,"column":12},"end":{"line":108,"column":null}},"type":"binary-expr","locations":[{"start":{"line":108,"column":12},"end":{"line":108,"column":29}},{"start":{"line":108,"column":29},"end":{"line":108,"column":null}}]}},"s":{"0":0,"1":0,"2":0,"3":0,"4":0,"5":0,"6":0,"7":0,"8":0,"9":0,"10":0,"11":0,"12":0,"13":0,"14":0,"15":0,"16":0,"17":0,"18":0,"19":0,"20":0,"21":0,"22":0,"23":0,"24":0,"25":0,"26":0,"27":0,"28":0,"29":0,"30":0,"31":0,"32":0,"33":0,"34":0,"35":0,"36":0,"37":0,"38":0,"39":0,"40":0,"41":0,"42":0,"43":0,"44":0,"45":0,"46":0,"47":0,"48":0,"49":0,"50":0},"f":{"0":0,"1":0,"2":0,"3":0,"4":0,"5":0,"6":0,"7":0},"b":{"0":[0,0],"1":[0,0],"2":[0,0],"3":[0,0],"4":[0,0],"5":[0,0],"6":[0,0],"7":[0,0]}}
,"/Users/leemoore/Library/Mobile Documents/com~apple~CloudDocs/code/liminal-type-chat/server/src/utils/errors.ts": {"path":"/Users/leemoore/Library/Mobile Documents/com~apple~CloudDocs/code/liminal-type-chat/server/src/utils/errors.ts","statementMap":{"0":{"start":{"line":4,"column":0},"end":{"line":4,"column":null}},"1":{"start":{"line":53,"column":21},"end":{"line":53,"column":89}},"2":{"start":{"line":56,"column":4},"end":{"line":56,"column":39}},"3":{"start":{"line":58,"column":4},"end":{"line":58,"column":42}},"4":{"start":{"line":59,"column":4},"end":{"line":59,"column":30}},"5":{"start":{"line":60,"column":4},"end":{"line":60,"column":31}},"6":{"start":{"line":61,"column":4},"end":{"line":61,"column":38}},"7":{"start":{"line":62,"column":4},"end":{"line":62,"column":27}},"8":{"start":{"line":63,"column":4},"end":{"line":63,"column":23}},"9":{"start":{"line":66,"column":4},"end":{"line":66,"column":52}},"10":{"start":{"line":73,"column":42},"end":{"line":78,"column":6}},"11":{"start":{"line":81,"column":4},"end":{"line":83,"column":5}},"12":{"start":{"line":82,"column":6},"end":{"line":82,"column":44}},"13":{"start":{"line":86,"column":4},"end":{"line":88,"column":5}},"14":{"start":{"line":87,"column":6},"end":{"line":87,"column":48}},"15":{"start":{"line":91,"column":4},"end":{"line":93,"column":5}},"16":{"start":{"line":92,"column":6},"end":{"line":92,"column":40}},"17":{"start":{"line":95,"column":4},"end":{"line":95,"column":20}},"18":{"start":{"line":28,"column":0},"end":{"line":28,"column":13}},"19":{"start":{"line":111,"column":4},"end":{"line":115,"column":6}},"20":{"start":{"line":102,"column":0},"end":{"line":102,"column":13}},"21":{"start":{"line":130,"column":4},"end":{"line":130,"column":74}},"22":{"start":{"line":141,"column":4},"end":{"line":143,"column":5}},"23":{"start":{"line":142,"column":6},"end":{"line":142,"column":22}},"24":{"start":{"line":145,"column":17},"end":{"line":145,"column":69}},"25":{"start":{"line":147,"column":4},"end":{"line":152,"column":7}},"26":{"start":{"line":154,"column":4},"end":{"line":154,"column":16}},"27":{"start":{"line":122,"column":0},"end":{"line":122,"column":13}},"28":{"start":{"line":168,"column":4},"end":{"line":168,"column":56}},"29":{"start":{"line":161,"column":0},"end":{"line":161,"column":13}},"30":{"start":{"line":182,"column":4},"end":{"line":182,"column":53}},"31":{"start":{"line":175,"column":0},"end":{"line":175,"column":13}},"32":{"start":{"line":196,"column":4},"end":{"line":196,"column":65}},"33":{"start":{"line":189,"column":0},"end":{"line":189,"column":13}},"34":{"start":{"line":211,"column":4},"end":{"line":215,"column":6}},"35":{"start":{"line":203,"column":0},"end":{"line":203,"column":13}},"36":{"start":{"line":230,"column":4},"end":{"line":234,"column":6}},"37":{"start":{"line":222,"column":0},"end":{"line":222,"column":13}},"38":{"start":{"line":248,"column":4},"end":{"line":248,"column":71}},"39":{"start":{"line":241,"column":0},"end":{"line":241,"column":13}}},"fnMap":{"0":{"name":"(anonymous_0)","decl":{"start":{"line":51,"column":2},"end":{"line":51,"column":14}},"loc":{"start":{"line":51,"column":98},"end":{"line":67,"column":3}}},"1":{"name":"(anonymous_1)","decl":{"start":{"line":72,"column":2},"end":{"line":72,"column":8}},"loc":{"start":{"line":72,"column":8},"end":{"line":96,"column":3}}},"2":{"name":"(anonymous_2)","decl":{"start":{"line":110,"column":2},"end":{"line":110,"column":14}},"loc":{"start":{"line":110,"column":92},"end":{"line":116,"column":3}}},"3":{"name":"(anonymous_3)","decl":{"start":{"line":129,"column":2},"end":{"line":129,"column":14}},"loc":{"start":{"line":129,"column":79},"end":{"line":131,"column":3}}},"4":{"name":"(anonymous_4)","decl":{"start":{"line":140,"column":2},"end":{"line":140,"column":10}},"loc":{"start":{"line":140,"column":61},"end":{"line":155,"column":3}}},"5":{"name":"(anonymous_5)","decl":{"start":{"line":167,"column":2},"end":{"line":167,"column":14}},"loc":{"start":{"line":167,"column":48},"end":{"line":169,"column":3}}},"6":{"name":"(anonymous_6)","decl":{"start":{"line":181,"column":2},"end":{"line":181,"column":14}},"loc":{"start":{"line":181,"column":48},"end":{"line":183,"column":3}}},"7":{"name":"(anonymous_7)","decl":{"start":{"line":195,"column":2},"end":{"line":195,"column":14}},"loc":{"start":{"line":195,"column":48},"end":{"line":197,"column":3}}},"8":{"name":"(anonymous_8)","decl":{"start":{"line":210,"column":2},"end":{"line":210,"column":14}},"loc":{"start":{"line":210,"column":71},"end":{"line":216,"column":3}}},"9":{"name":"(anonymous_9)","decl":{"start":{"line":229,"column":2},"end":{"line":229,"column":14}},"loc":{"start":{"line":229,"column":70},"end":{"line":235,"column":3}}},"10":{"name":"(anonymous_10)","decl":{"start":{"line":247,"column":2},"end":{"line":247,"column":14}},"loc":{"start":{"line":247,"column":48},"end":{"line":249,"column":3}}}},"branchMap":{"0":{"loc":{"start":{"line":53,"column":21},"end":{"line":53,"column":89}},"type":"binary-expr","locations":[{"start":{"line":53,"column":21},"end":{"line":53,"column":43}},{"start":{"line":53,"column":47},"end":{"line":53,"column":89}}]},"1":{"loc":{"start":{"line":56,"column":10},"end":{"line":56,"column":37}},"type":"binary-expr","locations":[{"start":{"line":56,"column":10},"end":{"line":56,"column":17}},{"start":{"line":56,"column":21},"end":{"line":56,"column":37}}]},"2":{"loc":{"start":{"line":81,"column":4},"end":{"line":83,"column":5}},"type":"if","locations":[{"start":{"line":81,"column":4},"end":{"line":83,"column":5}}]},"3":{"loc":{"start":{"line":81,"column":8},"end":{"line":81,"column":61}},"type":"binary-expr","locations":[{"start":{"line":81,"column":8},"end":{"line":81,"column":45}},{"start":{"line":81,"column":49},"end":{"line":81,"column":61}}]},"4":{"loc":{"start":{"line":86,"column":4},"end":{"line":88,"column":5}},"type":"if","locations":[{"start":{"line":86,"column":4},"end":{"line":88,"column":5}}]},"5":{"loc":{"start":{"line":91,"column":4},"end":{"line":93,"column":5}},"type":"if","locations":[{"start":{"line":91,"column":4},"end":{"line":93,"column":5}}]},"6":{"loc":{"start":{"line":91,"column":8},"end":{"line":91,"column":43}},"type":"binary-expr","locations":[{"start":{"line":91,"column":8},"end":{"line":91,"column":18}},{"start":{"line":91,"column":22},"end":{"line":91,"column":43}}]},"7":{"loc":{"start":{"line":114,"column":6},"end":{"line":114,"column":109}},"type":"binary-expr","locations":[{"start":{"line":114,"column":6},"end":{"line":114,"column":13}},{"start":{"line":114,"column":18},"end":{"line":114,"column":108}}]},"8":{"loc":{"start":{"line":114,"column":18},"end":{"line":114,"column":108}},"type":"cond-expr","locations":[{"start":{"line":114,"column":47},"end":{"line":114,"column":96}},{"start":{"line":114,"column":99},"end":{"line":114,"column":108}}]},"9":{"loc":{"start":{"line":114,"column":18},"end":{"line":114,"column":44}},"type":"binary-expr","locations":[{"start":{"line":114,"column":18},"end":{"line":114,"column":30}},{"start":{"line":114,"column":34},"end":{"line":114,"column":44}}]},"10":{"loc":{"start":{"line":141,"column":4},"end":{"line":143,"column":5}},"type":"if","locations":[{"start":{"line":141,"column":4},"end":{"line":143,"column":5}}]},"11":{"loc":{"start":{"line":145,"column":17},"end":{"line":145,"column":69}},"type":"cond-expr","locations":[{"start":{"line":145,"column":29},"end":{"line":145,"column":57}},{"start":{"line":145,"column":60},"end":{"line":145,"column":69}}]},"12":{"loc":{"start":{"line":149,"column":12},"end":{"line":149,"column":29}},"type":"binary-expr","locations":[{"start":{"line":149,"column":12},"end":{"line":149,"column":16}},{"start":{"line":149,"column":20},"end":{"line":149,"column":29}}]},"13":{"loc":{"start":{"line":214,"column":6},"end":{"line":214,"column":68}},"type":"binary-expr","locations":[{"start":{"line":214,"column":6},"end":{"line":214,"column":13}},{"start":{"line":214,"column":18},"end":{"line":214,"column":67}}]},"14":{"loc":{"start":{"line":214,"column":18},"end":{"line":214,"column":67}},"type":"cond-expr","locations":[{"start":{"line":214,"column":34},"end":{"line":214,"column":55}},{"start":{"line":214,"column":58},"end":{"line":214,"column":67}}]},"15":{"loc":{"start":{"line":232,"column":6},"end":{"line":232,"column":86}},"type":"binary-expr","locations":[{"start":{"line":232,"column":6},"end":{"line":232,"column":13}},{"start":{"line":232,"column":18},"end":{"line":232,"column":85}}]},"16":{"loc":{"start":{"line":232,"column":18},"end":{"line":232,"column":85}},"type":"cond-expr","locations":[{"start":{"line":232,"column":32},"end":{"line":232,"column":73}},{"start":{"line":232,"column":76},"end":{"line":232,"column":85}}]}},"s":{"0":0,"1":0,"2":0,"3":0,"4":0,"5":0,"6":0,"7":0,"8":0,"9":0,"10":0,"11":0,"12":0,"13":0,"14":0,"15":0,"16":0,"17":0,"18":0,"19":0,"20":0,"21":0,"22":0,"23":0,"24":0,"25":0,"26":0,"27":0,"28":0,"29":0,"30":0,"31":0,"32":0,"33":0,"34":0,"35":0,"36":0,"37":0,"38":0,"39":0},"f":{"0":0,"1":0,"2":0,"3":0,"4":0,"5":0,"6":0,"7":0,"8":0,"9":0,"10":0},"b":{"0":[0,0],"1":[0,0],"2":[0],"3":[0,0],"4":[0],"5":[0],"6":[0,0],"7":[0,0],"8":[0,0],"9":[0,0],"10":[0],"11":[0,0],"12":[0,0],"13":[0,0],"14":[0,0],"15":[0,0],"16":[0,0]}}
}
